src/agent_system/vector_memory.py:34: error: Returning Any from function declared to return "float"  [no-any-return]
src/agent_system/todo_store.py:27: error: Call to untyped function "_load" in typed context  [no-untyped-call]
src/agent_system/todo_store.py:30: error: Function is missing a return type annotation  [no-untyped-def]
src/agent_system/todo_store.py:30: note: Use "-> None" if function does not return a value
src/agent_system/todo_store.py:40: error: Function is missing a return type annotation  [no-untyped-def]
src/agent_system/todo_store.py:40: note: Use "-> None" if function does not return a value
src/agent_system/todo_store.py:48: error: Call to untyped function "_save" in typed context  [no-untyped-call]
src/agent_system/todo_store.py:59: error: Call to untyped function "_save" in typed context  [no-untyped-call]
src/agent_system/todo_store.py:71: error: Call to untyped function "_save" in typed context  [no-untyped-call]
src/agent_system/unified_config.py:206: error: Argument 1 to "int" has incompatible type "str | None"; expected "str | Buffer | SupportsInt | SupportsIndex | SupportsTrunc"  [arg-type]
src/agent_system/unified_config.py:208: error: Argument 1 to "int" has incompatible type "str | None"; expected "str | Buffer | SupportsInt | SupportsIndex | SupportsTrunc"  [arg-type]
src/agent_system/unified_config.py:211: error: Item "None" of "str | None" has no attribute "lower"  [union-attr]
src/agent_system/unified_config.py:216: error: Argument 1 to "int" has incompatible type "str | None"; expected "str | Buffer | SupportsInt | SupportsIndex | SupportsTrunc"  [arg-type]
src/agent_system/unified_config.py:218: error: Argument 1 to "int" has incompatible type "str | None"; expected "str | Buffer | SupportsInt | SupportsIndex | SupportsTrunc"  [arg-type]
src/agent_system/unified_config.py:227: error: Incompatible types in assignment (expression has type "str | None", variable has type "str")  [assignment]
src/agent_system/unified_config.py:229: error: Item "None" of "str | None" has no attribute "lower"  [union-attr]
src/agent_system/unified_config.py:233: error: Incompatible types in assignment (expression has type "str | None", variable has type "str")  [assignment]
src/agent_system/unified_config.py:238: error: Item "None" of "str | None" has no attribute "lower"  [union-attr]
src/agent_system/unified_config.py:243: error: Item "None" of "str | None" has no attribute "lower"  [union-attr]
src/agent_system/unified_config.py:245: error: Incompatible types in assignment (expression has type "str | None", variable has type "str")  [assignment]
src/agent_system/unified_config.py:247: error: Incompatible types in assignment (expression has type "str | None", variable has type "str")  [assignment]
src/agent_system/unified_config.py:249: error: Incompatible types in assignment (expression has type "str | None", variable has type "str")  [assignment]
src/agent_system/unified_config.py:251: error: Incompatible types in assignment (expression has type "str | None", variable has type "str")  [assignment]
src/agent_system/unified_config.py:253: error: Incompatible types in assignment (expression has type "str | None", variable has type "str")  [assignment]
src/agent_system/unified_config.py:256: error: Argument 1 to "int" has incompatible type "str | None"; expected "str | Buffer | SupportsInt | SupportsIndex | SupportsTrunc"  [arg-type]
src/agent_system/unified_config.py:259: error: Argument 1 to "int" has incompatible type "str | None"; expected "str | Buffer | SupportsInt | SupportsIndex | SupportsTrunc"  [arg-type]
src/agent_system/unified_config.py:262: error: Argument 1 to "int" has incompatible type "str | None"; expected "str | Buffer | SupportsInt | SupportsIndex | SupportsTrunc"  [arg-type]
src/agent_system/unified_config.py:266: error: Argument 1 to "int" has incompatible type "str | None"; expected "str | Buffer | SupportsInt | SupportsIndex | SupportsTrunc"  [arg-type]
src/agent_system/unified_config.py:269: error: Incompatible types in assignment (expression has type "str | None", variable has type "str")  [assignment]
src/agent_system/unified_config.py:271: error: Incompatible types in assignment (expression has type "str | None", variable has type "str")  [assignment]
src/agent_system/unified_config.py:293: error: Function is missing a type annotation for one or more arguments  [no-untyped-def]
src/agent_system/prompt_engineering.py:94: error: Function is missing a return type annotation  [no-untyped-def]
src/agent_system/prompt_engineering.py:94: note: Use "-> None" if function does not return a value
src/agent_system/prompt_engineering.py:209: error: Function is missing a return type annotation  [no-untyped-def]
src/agent_system/prompt_engineering.py:209: note: Use "-> None" if function does not return a value
src/agent_system/prompt_engineering.py:212: error: Call to untyped function "PromptOptimizer" in typed context  [no-untyped-call]
src/agent_system/prompt_engineering.py:213: error: Call to untyped function "_initialize_default_templates" in typed context  [no-untyped-call]
src/agent_system/prompt_engineering.py:215: error: Function is missing a return type annotation  [no-untyped-def]
src/agent_system/prompt_engineering.py:215: note: Use "-> None" if function does not return a value
src/agent_system/prompt_engineering.py:378: error: Function is missing a return type annotation  [no-untyped-def]
src/agent_system/prompt_engineering.py:503: error: Function is missing a return type annotation  [no-untyped-def]
src/agent_system/prompt_engineering.py:669: error: Call to untyped function "PromptEngineeringManager" in typed context  [no-untyped-call]
src/agent_system/problem_solver.py:329: error: Function is missing a return type annotation  [no-untyped-def]
src/agent_system/problem_solver.py:329: note: Use "-> None" if function does not return a value
src/agent_system/problem_solver.py:583: error: Call to untyped function "ProblemSolutionEngine" in typed context  [no-untyped-call]
src/agent_system/plugin_loader.py:32: error: Function is missing a return type annotation  [no-untyped-def]
src/agent_system/plugin_loader.py:41: error: Function is missing a type annotation for one or more arguments  [no-untyped-def]
src/agent_system/planning.py:26: error: Function is missing a return type annotation  [no-untyped-def]
src/agent_system/planning.py:26: note: Use "-> None" if function does not return a value
src/agent_system/performance_tracker.py:57: error: Missing type parameters for generic type "deque"  [type-arg]
src/agent_system/performance_tracker.py:61: error: Need type annotation for "performance_data" (hint: "performance_data: dict[<type>, <type>] = ...")  [var-annotated]
src/agent_system/performance_tracker.py:63: error: Function is missing a return type annotation  [no-untyped-def]
src/agent_system/performance_tracker.py:75: error: Incompatible types in assignment (expression has type "list[Never]", target has type "float")  [assignment]
src/agent_system/performance_tracker.py:77: error: "float" has no attribute "append"  [attr-defined]
src/agent_system/performance_tracker.py:78: error: Argument 1 to "len" has incompatible type "float"; expected "Sized"  [arg-type]
src/agent_system/performance_tracker.py:79: error: Value of type "float" is not indexable  [index]
src/agent_system/performance_tracker.py:81: error: Function is missing a return type annotation  [no-untyped-def]
src/agent_system/performance_tracker.py:111: error: Function is missing a return type annotation  [no-untyped-def]
src/agent_system/performance_tracker.py:117: error: Function is missing a return type annotation  [no-untyped-def]
src/agent_system/performance_tracker.py:136: error: Function is missing a return type annotation  [no-untyped-def]
src/agent_system/performance_tracker.py:156: error: Unsupported target for indexed assignment ("object")  [index]
src/agent_system/performance_tracker.py:228: error: Value of type variable "_NumberT" of "mean" cannot be "float | None"  [type-var]
src/agent_system/performance_tracker.py:235: error: Unsupported operand types for < ("float" and "None")  [operator]
src/agent_system/performance_tracker.py:235: note: Left operand is of type "float | None"
src/agent_system/performance_tracker.py:238: error: Unsupported operand types for < ("float" and "None")  [operator]
src/agent_system/performance_tracker.py:238: note: Left operand is of type "float | None"
src/agent_system/performance_tracker.py:247: error: Value of type variable "_NumberT" of "mean" cannot be "float | None"  [type-var]
src/agent_system/performance_tracker.py:254: error: Unsupported operand types for > ("float" and "None")  [operator]
src/agent_system/performance_tracker.py:254: note: Left operand is of type "float | None"
src/agent_system/performance_tracker.py:257: error: Unsupported operand types for > ("float" and "None")  [operator]
src/agent_system/performance_tracker.py:257: note: Left operand is of type "float | None"
src/agent_system/performance_tracker.py:264: error: Need type annotation for "satisfaction_values"  [var-annotated]
src/agent_system/performance_tracker.py:293: error: Function is missing a return type annotation  [no-untyped-def]
src/agent_system/performance_tracker.py:309: error: Function is missing a return type annotation  [no-untyped-def]
src/agent_system/performance_tracker.py:319: error: Returning Any from function declared to return "float | None"  [no-any-return]
src/agent_system/performance_tracker.py:419: error: Function is missing a return type annotation  [no-untyped-def]
src/agent_system/observation.py:27: error: "object" has no attribute "append"  [attr-defined]
src/agent_system/observation.py:36: error: "object" has no attribute "append"  [attr-defined]
src/agent_system/observation.py:43: error: "object" has no attribute "append"  [attr-defined]
src/agent_system/memory.py:20: error: Function is missing a return type annotation  [no-untyped-def]
src/agent_system/memory.py:87: error: Function is missing a return type annotation  [no-untyped-def]
src/agent_system/memory.py:87: note: Use "-> None" if function does not return a value
src/agent_system/learning.py:15: error: Function is missing a return type annotation  [no-untyped-def]
src/agent_system/learning.py:15: note: Use "-> None" if function does not return a value
src/agent_system/learning.py:19: error: Function is missing a return type annotation  [no-untyped-def]
src/agent_system/intelligent_observation_analyzer.py:20: error: Function is missing a return type annotation  [no-untyped-def]
src/agent_system/intelligent_observation_analyzer.py:20: note: Use "-> None" if function does not return a value
src/agent_system/intelligent_observation_analyzer.py:430: error: Function is missing a return type annotation  [no-untyped-def]
src/agent_system/intelligent_observation_analyzer.py:468: error: Need type annotation for "common_outcomes" (hint: "common_outcomes: dict[<type>, <type>] = ...")  [var-annotated]
src/agent_system/intelligent_observation_analyzer.py:484: error: Need type annotation for "anomaly_count" (hint: "anomaly_count: dict[<type>, <type>] = ...")  [var-annotated]
src/agent_system/intelligent_observation_analyzer.py:527: error: Call to untyped function "IntelligentObservationAnalyzer" in typed context  [no-untyped-call]
src/agent_system/intelligent_action_selector.py:18: error: Function is missing a return type annotation  [no-untyped-def]
src/agent_system/intelligent_action_selector.py:18: note: Use "-> None" if function does not return a value
src/agent_system/intelligent_action_selector.py:194: error: Returning Any from function declared to return "float"  [no-any-return]
src/agent_system/intelligent_action_selector.py:283: error: Function is missing a return type annotation  [no-untyped-def]
src/agent_system/intelligent_action_selector.py:313: error: Function is missing a return type annotation  [no-untyped-def]
src/agent_system/intelligent_action_selector.py:331: error: Function is missing a return type annotation  [no-untyped-def]
src/agent_system/intelligent_action_selector.py:362: error: Function is missing a return type annotation  [no-untyped-def]
src/agent_system/intelligent_action_selector.py:386: error: Argument 1 to "join" of "str" has incompatible type "object"; expected "Iterable[str]"  [arg-type]
src/agent_system/goal_manager.py:18: error: Function is missing a return type annotation  [no-untyped-def]
src/agent_system/goal_manager.py:18: note: Use "-> None" if function does not return a value
src/agent_system/goal_manager.py:73: error: Function is missing a return type annotation  [no-untyped-def]
src/agent_system/goal_manager.py:90: error: Function is missing a return type annotation  [no-untyped-def]
src/agent_system/goal_manager.py:123: error: Function is missing a return type annotation  [no-untyped-def]
src/agent_system/goal_manager.py:140: error: Function is missing a return type annotation  [no-untyped-def]
src/agent_system/cross_session_learning.py:83: error: Function is missing a return type annotation  [no-untyped-def]
src/agent_system/cross_session_learning.py:83: note: Use "-> None" if function does not return a value
src/agent_system/cross_session_learning.py:170: error: Missing type parameters for generic type "Dict"  [type-arg]
src/agent_system/cross_session_learning.py:296: error: Returning Any from function declared to return "list[str] | None"  [no-any-return]
src/agent_system/cross_session_learning.py:444: error: Call to untyped function "CrossSessionLearningSystem" in typed context  [no-untyped-call]
src/agent_system/auth_setup.py:23: error: Function is missing a return type annotation  [no-untyped-def]
src/agent_system/auth_setup.py:23: note: Use "-> None" if function does not return a value
src/agent_system/auth_setup.py:41: error: Call to untyped function "create_default_admin" in typed context  [no-untyped-call]
src/agent_system/auth_setup.py:52: error: Call to untyped function "print_auth_info" in typed context  [no-untyped-call]
src/agent_system/auth_setup.py:59: error: Function is missing a return type annotation  [no-untyped-def]
src/agent_system/auth_setup.py:87: error: Function is missing a type annotation  [no-untyped-def]
src/agent_system/auth_setup.py:118: error: Call to untyped function "setup_authentication_system" in typed context  [no-untyped-call]
src/agent_system/ai_debugging.py:193: error: Missing type parameters for generic type "Dict"  [type-arg]
src/agent_system/ai_debugging.py:194: error: Missing type parameters for generic type "Dict"  [type-arg]
src/agent_system/ai_debugging.py:300: error: Missing type parameters for generic type "Dict"  [type-arg]
src/agent_system/ai_debugging.py:542: error: Need type annotation for "decisions_by_type" (hint: "decisions_by_type: dict[<type>, <type>] = ...")  [var-annotated]
src/agent_system/ai_debugging.py:645: error: Incompatible types in assignment (expression has type "Path", variable has type "str | None")  [assignment]
src/agent_system/ai_debugging.py:653: error: Argument 1 to "open" has incompatible type "str | None"; expected "int | str | bytes | PathLike[str] | PathLike[bytes]"  [arg-type]
src/agent_system/agent_roles.py:301: error: Function is missing a return type annotation  [no-untyped-def]
src/agent_system/agent_roles.py:301: note: Use "-> None" if function does not return a value
src/agent_system/agent_roles.py:386: error: Call to untyped function "AgentRoleManager" in typed context  [no-untyped-call]
src/agent_system/action_selector.py:61: error: Function is missing a return type annotation  [no-untyped-def]
src/agent_system/performance_optimizer.py:54: error: Function is missing a return type annotation  [no-untyped-def]
src/agent_system/performance_optimizer.py:54: note: Use "-> None" if function does not return a value
src/agent_system/performance_optimizer.py:55: error: Need type annotation for "memory_history"  [var-annotated]
src/agent_system/performance_optimizer.py:59: error: Call to untyped function "_start_background_monitoring" in typed context  [no-untyped-call]
src/agent_system/performance_optimizer.py:61: error: Function is missing a return type annotation  [no-untyped-def]
src/agent_system/performance_optimizer.py:61: note: Use "-> None" if function does not return a value
src/agent_system/performance_optimizer.py:64: error: Function is missing a return type annotation  [no-untyped-def]
src/agent_system/performance_optimizer.py:64: note: Use "-> None" if function does not return a value
src/agent_system/performance_optimizer.py:67: error: Call to untyped function "check_and_optimize_memory" in typed context  [no-untyped-call]
src/agent_system/performance_optimizer.py:76: error: Function is missing a return type annotation  [no-untyped-def]
src/agent_system/performance_optimizer.py:76: note: Use "-> None" if function does not return a value
src/agent_system/performance_optimizer.py:89: error: Call to untyped function "optimize_memory" in typed context  [no-untyped-call]
src/agent_system/performance_optimizer.py:93: error: Call to untyped function "cleanup_old_data" in typed context  [no-untyped-call]
src/agent_system/performance_optimizer.py:96: error: Function is missing a return type annotation  [no-untyped-def]
src/agent_system/performance_optimizer.py:96: note: Use "-> None" if function does not return a value
src/agent_system/performance_optimizer.py:106: error: Function is missing a return type annotation  [no-untyped-def]
src/agent_system/performance_optimizer.py:106: note: Use "-> None" if function does not return a value
src/agent_system/performance_optimizer.py:120: error: Function is missing a return type annotation  [no-untyped-def]
src/agent_system/performance_optimizer.py:142: error: Function is missing a return type annotation  [no-untyped-def]
src/agent_system/performance_optimizer.py:142: note: Use "-> None" if function does not return a value
src/agent_system/performance_optimizer.py:147: error: Function is missing a return type annotation  [no-untyped-def]
src/agent_system/performance_optimizer.py:147: note: Use "-> None" if function does not return a value
src/agent_system/performance_optimizer.py:153: error: Function is missing a return type annotation  [no-untyped-def]
src/agent_system/performance_optimizer.py:153: note: Use "-> None" if function does not return a value
src/agent_system/performance_optimizer.py:171: error: Function is missing a return type annotation  [no-untyped-def]
src/agent_system/performance_optimizer.py:171: note: Use "-> None" if function does not return a value
src/agent_system/performance_optimizer.py:172: error: Need type annotation for "performance_history"  [var-annotated]
src/agent_system/performance_optimizer.py:175: error: Call to untyped function "_start_monitoring" in typed context  [no-untyped-call]
src/agent_system/performance_optimizer.py:177: error: Function is missing a return type annotation  [no-untyped-def]
src/agent_system/performance_optimizer.py:177: note: Use "-> None" if function does not return a value
src/agent_system/performance_optimizer.py:180: error: Function is missing a return type annotation  [no-untyped-def]
src/agent_system/performance_optimizer.py:180: note: Use "-> None" if function does not return a value
src/agent_system/performance_optimizer.py:184: error: Call to untyped function "check_resource_limits" in typed context  [no-untyped-call]
src/agent_system/performance_optimizer.py:235: error: Function is missing a return type annotation  [no-untyped-def]
src/agent_system/performance_optimizer.py:282: error: Call to untyped function "check_resource_limits" in typed context  [no-untyped-call]
src/agent_system/performance_optimizer.py:289: error: Function is missing a return type annotation  [no-untyped-def]
src/agent_system/performance_optimizer.py:289: note: Use "-> None" if function does not return a value
src/agent_system/performance_optimizer.py:290: error: Need type annotation for "response_times"  [var-annotated]
src/agent_system/performance_optimizer.py:293: error: Function is missing a return type annotation  [no-untyped-def]
src/agent_system/performance_optimizer.py:338: error: Function is missing a return type annotation  [no-untyped-def]
src/agent_system/performance_optimizer.py:338: note: Use "-> None" if function does not return a value
src/agent_system/performance_optimizer.py:339: error: Call to untyped function "MemoryOptimizer" in typed context  [no-untyped-call]
src/agent_system/performance_optimizer.py:340: error: Call to untyped function "IOOptimizer" in typed context  [no-untyped-call]
src/agent_system/performance_optimizer.py:341: error: Call to untyped function "ResourceMonitor" in typed context  [no-untyped-call]
src/agent_system/performance_optimizer.py:342: error: Call to untyped function "ResponseTimeOptimizer" in typed context  [no-untyped-call]
src/agent_system/performance_optimizer.py:345: error: Function is missing a return type annotation  [no-untyped-def]
src/agent_system/performance_optimizer.py:345: note: Use "-> None" if function does not return a value
src/agent_system/performance_optimizer.py:352: error: Call to untyped function "optimize_memory" in typed context  [no-untyped-call]
src/agent_system/performance_optimizer.py:355: error: Call to untyped function "cleanup_file_cache" in typed context  [no-untyped-call]
src/agent_system/performance_optimizer.py:358: error: Call to untyped function "check_resource_limits" in typed context  [no-untyped-call]
src/agent_system/performance_optimizer.py:417: error: Function is missing a return type annotation  [no-untyped-def]
src/agent_system/performance_optimizer.py:417: note: Use "-> None" if function does not return a value
src/agent_system/performance_optimizer.py:422: error: Function is missing a return type annotation  [no-untyped-def]
src/agent_system/performance_optimizer.py:422: note: Use "-> None" if function does not return a value
src/agent_system/performance_optimizer.py:429: error: Call to untyped function "PerformanceOptimizer" in typed context  [no-untyped-call]
src/agent_system/config_simple.py:19: error: Function is missing a return type annotation  [no-untyped-def]
src/agent_system/config_simple.py:19: note: Use "-> None" if function does not return a value
src/agent_system/config_simple.py:90: error: Call to untyped function "Settings" in typed context  [no-untyped-call]
src/agent_system/production_config.py:32: error: Function is missing a return type annotation  [no-untyped-def]
src/agent_system/production_config.py:32: note: Use "-> None" if function does not return a value
src/agent_system/production_config.py:106: error: Call to untyped function "_validate_config" in typed context  [no-untyped-call]
src/agent_system/production_config.py:117: error: Argument 2 to "getenv" has incompatible type "str | None"; expected "str"  [arg-type]
src/agent_system/production_config.py:141: error: Function is missing a return type annotation  [no-untyped-def]
src/agent_system/production_config.py:141: note: Use "-> None" if function does not return a value
src/agent_system/production_config.py:238: error: Call to untyped function "ProductionConfig" in typed context  [no-untyped-call]
src/agent_system/production_config.py:245: error: Function is missing a return type annotation  [no-untyped-def]
src/agent_system/production_config.py:245: note: Use "-> None" if function does not return a value
src/agent_system/production_config.py:284: error: Call to untyped function "validate_production_config" in typed context  [no-untyped-call]
src/agent_system/tools.py:28: error: Function is missing a type annotation for one or more arguments  [no-untyped-def]
src/agent_system/tools.py:39: error: Function is missing a type annotation for one or more arguments  [no-untyped-def]
src/agent_system/tools.py:52: error: Function is missing a type annotation for one or more arguments  [no-untyped-def]
src/agent_system/tools.py:68: error: Function is missing a type annotation for one or more arguments  [no-untyped-def]
src/agent_system/tools.py:88: error: Function is missing a type annotation for one or more arguments  [no-untyped-def]
src/agent_system/tools.py:107: error: Function is missing a type annotation for one or more arguments  [no-untyped-def]
src/agent_system/tools.py:153: error: Function is missing a type annotation for one or more arguments  [no-untyped-def]
src/agent_system/tools.py:225: error: Function is missing a type annotation for one or more arguments  [no-untyped-def]
src/agent_system/tools.py:289: error: Function is missing a type annotation for one or more arguments  [no-untyped-def]
src/agent_system/tools.py:341: error: Function is missing a type annotation for one or more arguments  [no-untyped-def]
src/agent_system/tools.py:445: error: Function is missing a type annotation for one or more arguments  [no-untyped-def]
src/agent_system/tools.py:494: error: Function is missing a type annotation for one or more arguments  [no-untyped-def]
src/agent_system/tools.py:526: error: Function is missing a type annotation for one or more arguments  [no-untyped-def]
src/agent_system/tools.py:559: error: Function is missing a type annotation for one or more arguments  [no-untyped-def]
src/agent_system/tools.py:592: error: Function is missing a type annotation for one or more arguments  [no-untyped-def]
src/agent_system/tools.py:601: error: Function is missing a return type annotation  [no-untyped-def]
src/agent_system/tools.py:621: error: Function is missing a return type annotation  [no-untyped-def]
src/agent_system/tools.py:652: error: "Awaitable[tuple[ActionStatus, Any]]" object is not iterable  [misc]
src/agent_system/tools.py:670: error: Dict entry 0 has incompatible type "str": "str"; expected "str": "float"  [dict-item]
src/agent_system/tools.py:695: error: Dict entry 0 has incompatible type "str": "str"; expected "str": "float"  [dict-item]
src/agent_system/tools.py:701: error: Dict entry 6 has incompatible type "str": "str"; expected "str": "float"  [dict-item]
src/agent_system/tools.py:712: error: Dict entry 0 has incompatible type "str": "str"; expected "str": "float"  [dict-item]
src/agent_system/tools.py:766: error: Dict entry 0 has incompatible type "str": "str"; expected "str": "float"  [dict-item]
src/agent_system/tools.py:791: error: Dict entry 0 has incompatible type "str": "str"; expected "str": "float"  [dict-item]
src/agent_system/tools.py:797: error: Dict entry 6 has incompatible type "str": "str"; expected "str": "float"  [dict-item]
src/agent_system/tools.py:808: error: Dict entry 0 has incompatible type "str": "str"; expected "str": "float"  [dict-item]
src/agent_system/tools.py:830: error: Returning Any from function declared to return "tuple[ActionStatus, Any]"  [no-any-return]
src/agent_system/plugin_marketplace.py:42: error: Incompatible types in assignment (expression has type "None", variable has type "dict[str, Any]")  [assignment]
src/agent_system/plugin_marketplace.py:44: error: Function is missing a return type annotation  [no-untyped-def]
src/agent_system/plugin_marketplace.py:44: note: Use "-> None" if function does not return a value
src/agent_system/plugin_marketplace.py:225: error: Function is missing a return type annotation  [no-untyped-def]
src/agent_system/multi_region.py:43: error: Function is missing a return type annotation  [no-untyped-def]
src/agent_system/multi_region.py:43: note: Use "-> None" if function does not return a value
src/agent_system/multi_region.py:54: error: Item "None" of "str | None" has no attribute "lower"  [union-attr]
src/agent_system/multi_region.py:59: error: Function is missing a return type annotation  [no-untyped-def]
src/agent_system/multi_region.py:59: note: Use "-> None" if function does not return a value
src/agent_system/multi_region.py:65: error: Call to untyped function "_load_region_configs" in typed context  [no-untyped-call]
src/agent_system/multi_region.py:68: error: Call to untyped function "_health_check_loop" in typed context  [no-untyped-call]
src/agent_system/multi_region.py:71: error: Call to untyped function "_measure_region_latencies" in typed context  [no-untyped-call]
src/agent_system/multi_region.py:76: error: Function is missing a return type annotation  [no-untyped-def]
src/agent_system/multi_region.py:76: note: Use "-> None" if function does not return a value
src/agent_system/multi_region.py:109: error: Function is missing a return type annotation  [no-untyped-def]
src/agent_system/multi_region.py:109: note: Use "-> None" if function does not return a value
src/agent_system/multi_region.py:130: error: Function is missing a return type annotation  [no-untyped-def]
src/agent_system/multi_region.py:130: note: Use "-> None" if function does not return a value
src/agent_system/multi_region.py:182: error: Function is missing a return type annotation  [no-untyped-def]
src/agent_system/multi_region.py:221: error: Call to untyped function "MultiRegionManager" in typed context  [no-untyped-call]
src/agent_system/ml_model_serving.py:39: error: Incompatible types in assignment (expression has type "None", variable has type "dict[str, Any]")  [assignment]
src/agent_system/ml_model_serving.py:41: error: Function is missing a return type annotation  [no-untyped-def]
src/agent_system/ml_model_serving.py:41: note: Use "-> None" if function does not return a value
src/agent_system/ml_model_serving.py:61: error: Missing type parameters for generic type "Callable"  [type-arg]
src/agent_system/ml_model_serving.py:113: error: Function is missing a return type annotation  [no-untyped-def]
src/agent_system/ml_model_serving.py:186: error: Function is missing a return type annotation  [no-untyped-def]
src/agent_system/circuit_breaker.py:18: error: Library stubs not installed for "requests"  [import-untyped]
src/agent_system/circuit_breaker.py:18: note: Hint: "python3 -m pip install types-requests"
src/agent_system/circuit_breaker.py:18: note: (or run "mypy --install-types" to install all missing stub packages)
src/agent_system/circuit_breaker.py:18: note: See https://mypy.readthedocs.io/en/stable/running_mypy.html#missing-imports
src/agent_system/circuit_breaker.py:40: error: Missing type parameters for generic type "Callable"  [type-arg]
src/agent_system/circuit_breaker.py:56: error: Function is missing a return type annotation  [no-untyped-def]
src/agent_system/circuit_breaker.py:70: error: Function is missing a return type annotation  [no-untyped-def]
src/agent_system/circuit_breaker.py:113: error: "CircuitBreaker" has no attribute "call"  [attr-defined]
src/agent_system/circuit_breaker.py:132: error: Function is missing a return type annotation  [no-untyped-def]
src/agent_system/circuit_breaker.py:132: note: Use "-> None" if function does not return a value
src/agent_system/circuit_breaker.py:141: error: Function is missing a return type annotation  [no-untyped-def]
src/agent_system/circuit_breaker.py:141: note: Use "-> None" if function does not return a value
src/agent_system/circuit_breaker.py:144: error: Incompatible types in assignment (expression has type "float", variable has type "None")  [assignment]
src/agent_system/circuit_breaker.py:157: error: Function is missing a return type annotation  [no-untyped-def]
src/agent_system/circuit_breaker.py:186: error: Function is missing a type annotation for one or more arguments  [no-untyped-def]
src/agent_system/circuit_breaker.py:186: error: Missing type parameters for generic type "Callable"  [type-arg]
src/agent_system/circuit_breaker.py:199: error: Item "None" of "Lock | None" has no attribute "__aenter__"  [union-attr]
src/agent_system/circuit_breaker.py:199: error: Item "None" of "Lock | None" has no attribute "__aexit__"  [union-attr]
src/agent_system/circuit_breaker.py:224: error: Call to untyped function "_record_success" in typed context  [no-untyped-call]
src/agent_system/circuit_breaker.py:228: error: Exception type must be derived from BaseException (or be a tuple of exception classes)  [misc]
src/agent_system/circuit_breaker.py:230: error: Call to untyped function "_record_failure" in typed context  [no-untyped-call]
src/agent_system/circuit_breaker.py:236: error: Call to untyped function "_record_failure" in typed context  [no-untyped-call]
src/agent_system/circuit_breaker.py:242: error: Call to untyped function "_record_failure" in typed context  [no-untyped-call]
src/agent_system/circuit_breaker.py:246: error: Function is missing a type annotation for one or more arguments  [no-untyped-def]
src/agent_system/circuit_breaker.py:246: error: Missing type parameters for generic type "Callable"  [type-arg]
src/agent_system/circuit_breaker.py:272: error: Call to untyped function "_record_success" in typed context  [no-untyped-call]
src/agent_system/circuit_breaker.py:276: error: Exception type must be derived from BaseException (or be a tuple of exception classes)  [misc]
src/agent_system/circuit_breaker.py:278: error: Call to untyped function "_record_failure" in typed context  [no-untyped-call]
src/agent_system/circuit_breaker.py:284: error: Call to untyped function "_record_failure" in typed context  [no-untyped-call]
src/agent_system/circuit_breaker.py:317: error: Function is missing a return type annotation  [no-untyped-def]
src/agent_system/circuit_breaker.py:317: note: Use "-> None" if function does not return a value
src/agent_system/circuit_breaker.py:329: error: Function is missing a return type annotation  [no-untyped-def]
src/agent_system/circuit_breaker.py:329: note: Use "-> None" if function does not return a value
src/agent_system/circuit_breaker.py:344: error: Function is missing a return type annotation  [no-untyped-def]
src/agent_system/circuit_breaker.py:354: error: Function is missing a return type annotation  [no-untyped-def]
src/agent_system/circuit_breaker.py:354: note: Use "-> None" if function does not return a value
src/agent_system/circuit_breaker.py:357: error: Call to untyped function "reset" in typed context  [no-untyped-call]
src/agent_system/circuit_breaker.py:359: error: Function is missing a return type annotation  [no-untyped-def]
src/agent_system/circuit_breaker.py:365: error: Call to untyped function "CircuitBreakerRegistry" in typed context  [no-untyped-call]
src/agent_system/circuit_breaker.py:369: error: Function is missing a return type annotation  [no-untyped-def]
src/agent_system/circuit_breaker.py:381: error: Function is missing a type annotation  [no-untyped-def]
src/agent_system/circuit_breaker.py:388: error: Function is missing a type annotation  [no-untyped-def]
src/agent_system/circuit_breaker.py:397: error: Function is missing a type annotation  [no-untyped-def]
src/agent_system/circuit_breaker.py:417: error: Function is missing a type annotation  [no-untyped-def]
src/agent_system/circuit_breaker.py:430: error: Argument "expected_exception" to "CircuitBreakerConfig" has incompatible type "Callable[[Any], Any]"; expected "type"  [arg-type]
src/agent_system/circuit_breaker.py:436: error: Untyped decorator makes function "make_request" untyped  [misc]
src/agent_system/circuit_breaker.py:437: error: Function is missing a type annotation for one or more arguments  [no-untyped-def]
src/agent_system/circuit_breaker.py:444: error: Untyped decorator makes function "make_sync_request" untyped  [misc]
src/agent_system/circuit_breaker.py:445: error: Function is missing a type annotation for one or more arguments  [no-untyped-def]
src/agent_system/circuit_breaker.py:467: error: Untyped decorator makes function "execute_query" untyped  [misc]
src/agent_system/circuit_breaker.py:468: error: Function is missing a return type annotation  [no-untyped-def]
src/agent_system/circuit_breaker.py:468: error: Function is missing a type annotation for one or more arguments  [no-untyped-def]
src/agent_system/circuit_breaker.py:468: error: Missing type parameters for generic type "Callable"  [type-arg]
src/agent_system/circuit_breaker.py:474: error: Function is missing a return type annotation  [no-untyped-def]
src/agent_system/circuit_breaker.py:474: note: Use "-> None" if function does not return a value
src/agent_system/advanced_security.py:28: error: Cannot assign to a type  [misc]
src/agent_system/advanced_security.py:28: error: Incompatible types in assignment (expression has type "None", variable has type "type[Fernet]")  [assignment]
src/agent_system/advanced_security.py:69: error: Incompatible types in assignment (expression has type "None", variable has type "datetime")  [assignment]
src/agent_system/advanced_security.py:70: error: Incompatible types in assignment (expression has type "None", variable has type "dict[str, Any]")  [assignment]
src/agent_system/advanced_security.py:73: error: Function is missing a return type annotation  [no-untyped-def]
src/agent_system/advanced_security.py:73: note: Use "-> None" if function does not return a value
src/agent_system/advanced_security.py:113: error: Function is missing a return type annotation  [no-untyped-def]
src/agent_system/advanced_security.py:113: note: Use "-> None" if function does not return a value
src/agent_system/advanced_security.py:115: error: Missing type parameters for generic type "Dict"  [type-arg]
src/agent_system/advanced_security.py:124: error: Call to untyped function "_init_waf_rules" in typed context  [no-untyped-call]
src/agent_system/advanced_security.py:125: error: Call to untyped function "_init_encryption" in typed context  [no-untyped-call]
src/agent_system/advanced_security.py:127: error: Function is missing a return type annotation  [no-untyped-def]
src/agent_system/advanced_security.py:127: note: Use "-> None" if function does not return a value
src/agent_system/advanced_security.py:209: error: Function is missing a return type annotation  [no-untyped-def]
src/agent_system/advanced_security.py:209: note: Use "-> None" if function does not return a value
src/agent_system/advanced_security.py:212: error: Function "Fernet" could always be true in boolean context  [truthy-function]
src/agent_system/advanced_security.py:229: error: Function is missing a return type annotation  [no-untyped-def]
src/agent_system/advanced_security.py:257: error: Need type annotation for "_suspicious_content" (hint: "_suspicious_content: list[<type>] = ...")  [var-annotated]
src/agent_system/advanced_security.py:290: error: Incompatible types in assignment (expression has type "datetime", variable has type "None")  [assignment]
src/agent_system/advanced_security.py:394: error: Function is missing a return type annotation  [no-untyped-def]
src/agent_system/advanced_security.py:404: error: Function is missing a return type annotation  [no-untyped-def]
src/agent_system/advanced_security.py:519: error: Function is missing a return type annotation  [no-untyped-def]
src/agent_system/advanced_security.py:549: error: Need type annotation for "event_counts" (hint: "event_counts: dict[<type>, <type>] = ...")  [var-annotated]
src/agent_system/advanced_security.py:550: error: Need type annotation for "threat_counts" (hint: "threat_counts: dict[<type>, <type>] = ...")  [var-annotated]
src/agent_system/advanced_security.py:608: error: Call to untyped function "AdvancedSecurityManager" in typed context  [no-untyped-call]
src/agent_system/advanced_security.py:656: error: Function is missing a return type annotation  [no-untyped-def]
src/agent_system/advanced_security.py:659: error: Function is missing a type annotation  [no-untyped-def]
src/agent_system/advanced_security.py:660: error: Function is missing a type annotation  [no-untyped-def]
src/agent_system/advanced_security.py:671: error: Function is missing a return type annotation  [no-untyped-def]
src/agent_system/advanced_security.py:671: note: Use "-> None" if function does not return a value
src/agent_system/advanced_security.py:705: error: Function is missing a return type annotation  [no-untyped-def]
src/agent_system/advanced_security.py:709: error: Call to untyped function "security_monitor" in typed context  [no-untyped-call]
src/agent_system/advanced_security.py:749: error: Function "Fernet" could always be true in boolean context  [truthy-function]
src/agent_system/advanced_security.py:771: error: Function "Fernet" could always be true in boolean context  [truthy-function]
src/agent_system/real_tools.py:20: error: Library stubs not installed for "requests"  [import-untyped]
src/agent_system/real_tools.py:21: error: Library stubs not installed for "requests.adapters"  [import-untyped]
src/agent_system/real_tools.py:39: error: Function is missing a return type annotation  [no-untyped-def]
src/agent_system/real_tools.py:39: note: Use "-> None" if function does not return a value
src/agent_system/real_tools.py:65: error: Function is missing a type annotation for one or more arguments  [no-untyped-def]
src/agent_system/real_tools.py:269: error: Function is missing a type annotation for one or more arguments  [no-untyped-def]
src/agent_system/real_tools.py:340: error: Unused "type: ignore" comment  [unused-ignore]
src/agent_system/real_tools.py:340: error: Function is missing a return type annotation  [no-untyped-def]
src/agent_system/real_tools.py:340: note: Error code "no-untyped-def" not covered by "type: ignore" comment
src/agent_system/real_tools.py:343: error: Unused "type: ignore" comment  [unused-ignore]
src/agent_system/real_tools.py:343: error: Function is missing a return type annotation  [no-untyped-def]
src/agent_system/real_tools.py:343: note: Error code "no-untyped-def" not covered by "type: ignore" comment
src/agent_system/real_tools.py:346: error: Unused "type: ignore" comment  [unused-ignore]
src/agent_system/real_tools.py:346: error: Function is missing a return type annotation  [no-untyped-def]
src/agent_system/real_tools.py:346: note: Error code "no-untyped-def" not covered by "type: ignore" comment
src/agent_system/real_tools.py:351: error: Unused "type: ignore" comment  [unused-ignore]
src/agent_system/real_tools.py:351: error: Function is missing a return type annotation  [no-untyped-def]
src/agent_system/real_tools.py:351: note: Error code "no-untyped-def" not covered by "type: ignore" comment
src/agent_system/real_tools.py:365: error: Unused "type: ignore" comment  [unused-ignore]
src/agent_system/real_tools.py:365: error: Function is missing a return type annotation  [no-untyped-def]
src/agent_system/real_tools.py:365: note: Error code "no-untyped-def" not covered by "type: ignore" comment
src/agent_system/real_tools.py:369: error: Unused "type: ignore" comment  [unused-ignore]
src/agent_system/real_tools.py:369: error: Function is missing a return type annotation  [no-untyped-def]
src/agent_system/real_tools.py:369: note: Error code "no-untyped-def" not covered by "type: ignore" comment
src/agent_system/real_tools.py:405: error: Function is missing a return type annotation  [no-untyped-def]
src/agent_system/real_tools.py:541: error: Function is missing a return type annotation  [no-untyped-def]
src/agent_system/real_tools.py:637: error: Function is missing a type annotation for one or more arguments  [no-untyped-def]
src/agent_system/real_tools.py:714: error: Function is missing a type annotation for one or more arguments  [no-untyped-def]
src/agent_system/database_models.py:31: error: Variable "src.agent_system.database_models.Base" is not valid as a type  [valid-type]
src/agent_system/database_models.py:31: note: See https://mypy.readthedocs.io/en/stable/common_issues.html#variables-vs-type-aliases
src/agent_system/database_models.py:31: error: Invalid base class "Base"  [misc]
src/agent_system/database_models.py:57: error: Variable "src.agent_system.database_models.Base" is not valid as a type  [valid-type]
src/agent_system/database_models.py:57: note: See https://mypy.readthedocs.io/en/stable/common_issues.html#variables-vs-type-aliases
src/agent_system/database_models.py:57: error: Invalid base class "Base"  [misc]
src/agent_system/database_models.py:82: error: Variable "src.agent_system.database_models.Base" is not valid as a type  [valid-type]
src/agent_system/database_models.py:82: note: See https://mypy.readthedocs.io/en/stable/common_issues.html#variables-vs-type-aliases
src/agent_system/database_models.py:82: error: Invalid base class "Base"  [misc]
src/agent_system/database_models.py:108: error: Variable "src.agent_system.database_models.Base" is not valid as a type  [valid-type]
src/agent_system/database_models.py:108: note: See https://mypy.readthedocs.io/en/stable/common_issues.html#variables-vs-type-aliases
src/agent_system/database_models.py:108: error: Invalid base class "Base"  [misc]
src/agent_system/database_models.py:138: error: Variable "src.agent_system.database_models.Base" is not valid as a type  [valid-type]
src/agent_system/database_models.py:138: note: See https://mypy.readthedocs.io/en/stable/common_issues.html#variables-vs-type-aliases
src/agent_system/database_models.py:138: error: Invalid base class "Base"  [misc]
src/agent_system/database_models.py:168: error: Variable "src.agent_system.database_models.Base" is not valid as a type  [valid-type]
src/agent_system/database_models.py:168: note: See https://mypy.readthedocs.io/en/stable/common_issues.html#variables-vs-type-aliases
src/agent_system/database_models.py:168: error: Invalid base class "Base"  [misc]
src/agent_system/database_models.py:200: error: Variable "src.agent_system.database_models.Base" is not valid as a type  [valid-type]
src/agent_system/database_models.py:200: note: See https://mypy.readthedocs.io/en/stable/common_issues.html#variables-vs-type-aliases
src/agent_system/database_models.py:200: error: Invalid base class "Base"  [misc]
src/agent_system/database_models.py:231: error: Variable "src.agent_system.database_models.Base" is not valid as a type  [valid-type]
src/agent_system/database_models.py:231: note: See https://mypy.readthedocs.io/en/stable/common_issues.html#variables-vs-type-aliases
src/agent_system/database_models.py:231: error: Invalid base class "Base"  [misc]
src/agent_system/database_models.py:256: error: Variable "src.agent_system.database_models.Base" is not valid as a type  [valid-type]
src/agent_system/database_models.py:256: note: See https://mypy.readthedocs.io/en/stable/common_issues.html#variables-vs-type-aliases
src/agent_system/database_models.py:256: error: Invalid base class "Base"  [misc]
src/agent_system/database_models.py:284: error: Variable "src.agent_system.database_models.Base" is not valid as a type  [valid-type]
src/agent_system/database_models.py:284: note: See https://mypy.readthedocs.io/en/stable/common_issues.html#variables-vs-type-aliases
src/agent_system/database_models.py:284: error: Invalid base class "Base"  [misc]
src/agent_system/database_models.py:309: error: Variable "src.agent_system.database_models.Base" is not valid as a type  [valid-type]
src/agent_system/database_models.py:309: note: See https://mypy.readthedocs.io/en/stable/common_issues.html#variables-vs-type-aliases
src/agent_system/database_models.py:309: error: Invalid base class "Base"  [misc]
src/agent_system/database_models.py:336: error: Variable "src.agent_system.database_models.Base" is not valid as a type  [valid-type]
src/agent_system/database_models.py:336: note: See https://mypy.readthedocs.io/en/stable/common_issues.html#variables-vs-type-aliases
src/agent_system/database_models.py:336: error: Invalid base class "Base"  [misc]
src/agent_system/database_models.py:357: error: Variable "src.agent_system.database_models.Base" is not valid as a type  [valid-type]
src/agent_system/database_models.py:357: note: See https://mypy.readthedocs.io/en/stable/common_issues.html#variables-vs-type-aliases
src/agent_system/database_models.py:357: error: Invalid base class "Base"  [misc]
src/agent_system/database_models.py:383: error: Variable "src.agent_system.database_models.Base" is not valid as a type  [valid-type]
src/agent_system/database_models.py:383: note: See https://mypy.readthedocs.io/en/stable/common_issues.html#variables-vs-type-aliases
src/agent_system/database_models.py:383: error: Invalid base class "Base"  [misc]
src/agent_system/database_models.py:407: error: Variable "src.agent_system.database_models.Base" is not valid as a type  [valid-type]
src/agent_system/database_models.py:407: note: See https://mypy.readthedocs.io/en/stable/common_issues.html#variables-vs-type-aliases
src/agent_system/database_models.py:407: error: Invalid base class "Base"  [misc]
src/agent_system/database_models.py:477: error: "object" has no attribute "update"  [attr-defined]
src/agent_system/database_models.py:480: error: Function is missing a return type annotation  [no-untyped-def]
src/agent_system/database_models.py:480: note: Use "-> None" if function does not return a value
src/agent_system/database_models.py:484: error: Incompatible types in assignment (expression has type "Engine", variable has type "None")  [assignment]
src/agent_system/database_models.py:487: error: Incompatible types in assignment (expression has type "sessionmaker[Session]", variable has type "None")  [assignment]
src/agent_system/database_models.py:500: error: Function is missing a return type annotation  [no-untyped-def]
src/agent_system/database_models.py:506: error: Function is missing a return type annotation  [no-untyped-def]
src/agent_system/database_models.py:506: note: Use "-> None" if function does not return a value
src/agent_system/database_models.py:533: error: Function is missing a return type annotation  [no-untyped-def]
src/agent_system/database_models.py:535: error: Call to untyped function "get_session" in typed context  [no-untyped-call]
src/agent_system/auth_models.py:78: error: "object" has no attribute "update"  [attr-defined]
src/agent_system/auth_models.py:81: error: Function is missing a return type annotation  [no-untyped-def]
src/agent_system/auth_models.py:81: note: Use "-> None" if function does not return a value
src/agent_system/auth_models.py:85: error: Incompatible types in assignment (expression has type "Engine", variable has type "None")  [assignment]
src/agent_system/auth_models.py:88: error: Incompatible types in assignment (expression has type "sessionmaker[Session]", variable has type "None")  [assignment]
src/agent_system/auth_models.py:103: error: Function is missing a return type annotation  [no-untyped-def]
src/agent_system/auth_models.py:109: error: Function is missing a return type annotation  [no-untyped-def]
src/agent_system/auth_models.py:109: note: Use "-> None" if function does not return a value
src/agent_system/auth_models.py:205: error: Variable "src.agent_system.auth_models.Base" is not valid as a type  [valid-type]
src/agent_system/auth_models.py:205: note: See https://mypy.readthedocs.io/en/stable/common_issues.html#variables-vs-type-aliases
src/agent_system/auth_models.py:205: error: Invalid base class "Base"  [misc]
src/agent_system/auth_models.py:260: error: Returning Any from function declared to return "bool"  [no-any-return]
src/agent_system/auth_models.py:268: error: Incompatible types in assignment (expression has type "datetime", variable has type "Column[datetime]")  [assignment]
src/agent_system/auth_models.py:271: error: Returning Any from function declared to return "bool"  [no-any-return]
src/agent_system/auth_models.py:280: error: Incompatible types in assignment (expression has type "datetime", variable has type "Column[datetime]")  [assignment]
src/agent_system/auth_models.py:287: error: Variable "src.agent_system.auth_models.Base" is not valid as a type  [valid-type]
src/agent_system/auth_models.py:287: note: See https://mypy.readthedocs.io/en/stable/common_issues.html#variables-vs-type-aliases
src/agent_system/auth_models.py:287: error: Invalid base class "Base"  [misc]
src/agent_system/auth_models.py:318: error: Variable "src.agent_system.auth_models.Base" is not valid as a type  [valid-type]
src/agent_system/auth_models.py:318: note: See https://mypy.readthedocs.io/en/stable/common_issues.html#variables-vs-type-aliases
src/agent_system/auth_models.py:318: error: Invalid base class "Base"  [misc]
src/agent_system/auth_models.py:348: error: Variable "src.agent_system.auth_models.Base" is not valid as a type  [valid-type]
src/agent_system/auth_models.py:348: note: See https://mypy.readthedocs.io/en/stable/common_issues.html#variables-vs-type-aliases
src/agent_system/auth_models.py:348: error: Invalid base class "Base"  [misc]
src/agent_system/auth_models.py:381: error: Variable "src.agent_system.auth_models.Base" is not valid as a type  [valid-type]
src/agent_system/auth_models.py:381: note: See https://mypy.readthedocs.io/en/stable/common_issues.html#variables-vs-type-aliases
src/agent_system/auth_models.py:381: error: Invalid base class "Base"  [misc]
src/agent_system/auth_models.py:414: error: Variable "src.agent_system.auth_models.Base" is not valid as a type  [valid-type]
src/agent_system/auth_models.py:414: note: See https://mypy.readthedocs.io/en/stable/common_issues.html#variables-vs-type-aliases
src/agent_system/auth_models.py:414: error: Invalid base class "Base"  [misc]
src/agent_system/auth_models.py:445: error: Variable "src.agent_system.auth_models.Base" is not valid as a type  [valid-type]
src/agent_system/auth_models.py:445: note: See https://mypy.readthedocs.io/en/stable/common_issues.html#variables-vs-type-aliases
src/agent_system/auth_models.py:445: error: Invalid base class "Base"  [misc]
src/agent_system/auth_models.py:674: error: Function is missing a return type annotation  [no-untyped-def]
src/agent_system/auth_models.py:679: error: Function is missing a return type annotation  [no-untyped-def]
src/agent_system/auth_models.py:679: note: Use "-> None" if function does not return a value
src/agent_system/enhanced_tools.py:19: error: Function is missing a return type annotation  [no-untyped-def]
src/agent_system/enhanced_tools.py:19: note: Use "-> None" if function does not return a value
src/agent_system/enhanced_tools.py:20: error: Call to untyped function "__init__" in typed context  [no-untyped-call]
src/agent_system/enhanced_tools.py:23: error: Call to untyped function "_initialize_real_tools" in typed context  [no-untyped-call]
src/agent_system/enhanced_tools.py:25: error: Function is missing a return type annotation  [no-untyped-def]
src/agent_system/enhanced_tools.py:25: note: Use "-> None" if function does not return a value
src/agent_system/enhanced_tools.py:28: error: Call to untyped function "RealWebSearchTool" in typed context  [no-untyped-call]
src/agent_system/enhanced_tools.py:42: error: Function is missing a return type annotation  [no-untyped-def]
src/agent_system/enhanced_tools.py:42: note: Use "-> None" if function does not return a value
src/agent_system/enhanced_tools.py:47: error: Function is missing a return type annotation  [no-untyped-def]
src/agent_system/enhanced_tools.py:47: note: Use "-> None" if function does not return a value
src/agent_system/enhanced_tools.py:52: error: Function is missing a return type annotation  [no-untyped-def]
src/agent_system/enhanced_tools.py:66: error: Function is missing a return type annotation  [no-untyped-def]
src/agent_system/enhanced_tools.py:66: error: Function is missing a type annotation for one or more arguments  [no-untyped-def]
src/agent_system/enhanced_tools.py:70: error: Function is missing a return type annotation  [no-untyped-def]
src/agent_system/enhanced_tools.py:70: error: Function is missing a type annotation for one or more arguments  [no-untyped-def]
src/agent_system/database_persistence.py:35: error: Function is missing a return type annotation  [no-untyped-def]
src/agent_system/database_persistence.py:35: note: Use "-> None" if function does not return a value
src/agent_system/database_persistence.py:43: error: Call to untyped function "get_session" in typed context  [no-untyped-call]
src/agent_system/database_persistence.py:84: error: Call to untyped function "get_session" in typed context  [no-untyped-call]
src/agent_system/database_persistence.py:117: error: Call to untyped function "get_session" in typed context  [no-untyped-call]
src/agent_system/database_persistence.py:130: error: Incompatible types in assignment (expression has type "Any | None", variable has type "Column[str]")  [assignment]
src/agent_system/database_persistence.py:136: error: Incompatible types in assignment (expression has type "datetime", variable has type "Column[datetime]")  [assignment]
src/agent_system/database_persistence.py:177: error: Call to untyped function "get_session" in typed context  [no-untyped-call]
src/agent_system/database_persistence.py:205: error: Call to untyped function "get_session" in typed context  [no-untyped-call]
src/agent_system/database_persistence.py:245: error: Call to untyped function "get_session" in typed context  [no-untyped-call]
src/agent_system/database_persistence.py:273: error: Call to untyped function "get_session" in typed context  [no-untyped-call]
src/agent_system/database_persistence.py:317: error: Call to untyped function "get_session" in typed context  [no-untyped-call]
src/agent_system/database_persistence.py:342: error: Call to untyped function "get_session" in typed context  [no-untyped-call]
src/agent_system/database_persistence.py:384: error: Call to untyped function "get_session" in typed context  [no-untyped-call]
src/agent_system/database_persistence.py:411: error: Call to untyped function "get_session" in typed context  [no-untyped-call]
src/agent_system/database_persistence.py:451: error: Call to untyped function "get_session" in typed context  [no-untyped-call]
src/agent_system/database_persistence.py:481: error: Call to untyped function "get_session" in typed context  [no-untyped-call]
src/agent_system/database_persistence.py:521: error: Call to untyped function "get_session" in typed context  [no-untyped-call]
src/agent_system/database_persistence.py:552: error: Call to untyped function "get_session" in typed context  [no-untyped-call]
src/agent_system/database_persistence.py:581: error: Call to untyped function "get_session" in typed context  [no-untyped-call]
src/agent_system/database_persistence.py:602: error: Call to untyped function "get_session" in typed context  [no-untyped-call]
src/agent_system/database_persistence.py:624: error: Call to untyped function "DatabasePersistence" in typed context  [no-untyped-call]
src/agent_system/ai_performance_monitor.py:27: error: Name "np" already defined (by an import)  [no-redef]
src/agent_system/ai_performance_monitor.py:29: error: Function is missing a type annotation  [no-untyped-def]
src/agent_system/ai_performance_monitor.py:33: error: Function is missing a type annotation  [no-untyped-def]
src/agent_system/ai_performance_monitor.py:131: error: Missing type parameters for generic type "deque"  [type-arg]
src/agent_system/ai_performance_monitor.py:135: error: Need type annotation for "decision_times"  [var-annotated]
src/agent_system/ai_performance_monitor.py:136: error: Need type annotation for "accuracy_scores"  [var-annotated]
src/agent_system/ai_performance_monitor.py:137: error: Need type annotation for "goal_completion_rates"  [var-annotated]
src/agent_system/ai_performance_monitor.py:138: error: Need type annotation for "learning_progress"  [var-annotated]
src/agent_system/ai_performance_monitor.py:157: error: Call to untyped function "_start_monitoring" in typed context  [no-untyped-call]
src/agent_system/ai_performance_monitor.py:220: error: Function is missing a return type annotation  [no-untyped-def]
src/agent_system/ai_performance_monitor.py:220: note: Use "-> None" if function does not return a value
src/agent_system/ai_performance_monitor.py:223: error: Call to untyped function "_schedule_next_export" in typed context  [no-untyped-call]
src/agent_system/ai_performance_monitor.py:225: error: Function is missing a return type annotation  [no-untyped-def]
src/agent_system/ai_performance_monitor.py:225: note: Use "-> None" if function does not return a value
src/agent_system/ai_performance_monitor.py:229: error: Function is missing a return type annotation  [no-untyped-def]
src/agent_system/ai_performance_monitor.py:264: error: Function is missing a return type annotation  [no-untyped-def]
src/agent_system/ai_performance_monitor.py:282: error: Function is missing a return type annotation  [no-untyped-def]
src/agent_system/ai_performance_monitor.py:311: error: Function is missing a return type annotation  [no-untyped-def]
src/agent_system/ai_performance_monitor.py:328: error: Function is missing a return type annotation  [no-untyped-def]
src/agent_system/ai_performance_monitor.py:338: error: Function is missing a return type annotation  [no-untyped-def]
src/agent_system/ai_performance_monitor.py:348: error: Function is missing a return type annotation  [no-untyped-def]
src/agent_system/ai_performance_monitor.py:362: error: Function is missing a return type annotation  [no-untyped-def]
src/agent_system/ai_performance_monitor.py:456: error: Function is missing a return type annotation  [no-untyped-def]
src/agent_system/ai_performance_monitor.py:471: error: Function is missing a return type annotation  [no-untyped-def]
src/agent_system/ai_performance_monitor.py:489: error: Unsupported target for indexed assignment ("Collection[Collection[str]]")  [index]
src/agent_system/ai_performance_monitor.py:647: error: Incompatible types in assignment (expression has type "Path", variable has type "str | None")  [assignment]
src/agent_system/ai_performance_monitor.py:664: error: Argument 1 to "open" has incompatible type "str | None"; expected "int | str | bytes | PathLike[str] | PathLike[bytes]"  [arg-type]
src/agent_system/system_health_dashboard.py:54: error: Function is missing a return type annotation  [no-untyped-def]
src/agent_system/system_health_dashboard.py:54: note: Use "-> None" if function does not return a value
src/agent_system/system_health_dashboard.py:55: error: Need type annotation for "health_history"  [var-annotated]
src/agent_system/system_health_dashboard.py:434: error: Call to untyped function "SystemHealthMonitor" in typed context  [no-untyped-call]
src/agent_system/data_migration.py:40: error: Incompatible types in assignment (expression has type "datetime", target has type "int | None")  [assignment]
src/agent_system/data_migration.py:44: error: Call to untyped function "initialize" in typed context  [no-untyped-call]
src/agent_system/data_migration.py:54: error: Incompatible types in assignment (expression has type "datetime", target has type "int | None")  [assignment]
src/agent_system/data_migration.py:55: error: Unsupported operand types for - ("int" and "None")  [operator]
src/agent_system/data_migration.py:55: error: Unsupported operand types for - ("None" and "int")  [operator]
src/agent_system/data_migration.py:55: error: Unsupported left operand type for - ("None")  [operator]
src/agent_system/data_migration.py:55: note: Both left and right operands are unions
src/agent_system/data_migration.py:57: error: Item "int" of "int | Any" has no attribute "total_seconds"  [union-attr]
src/agent_system/data_migration.py:62: error: Unsupported operand types for + ("None" and "int")  [operator]
src/agent_system/data_migration.py:62: note: Left operand is of type "int | None"
src/agent_system/data_migration.py:83: error: Unsupported operand types for + ("None" and "int")  [operator]
src/agent_system/data_migration.py:83: note: Left operand is of type "int | None"
src/agent_system/data_migration.py:84: error: Unsupported operand types for + ("None" and "int")  [operator]
src/agent_system/data_migration.py:84: note: Left operand is of type "int | None"
src/agent_system/data_migration.py:95: error: Unsupported operand types for + ("None" and "int")  [operator]
src/agent_system/data_migration.py:95: note: Left operand is of type "int | None"
src/agent_system/data_migration.py:112: error: Unsupported operand types for + ("None" and "int")  [operator]
src/agent_system/data_migration.py:112: note: Left operand is of type "int | None"
src/agent_system/data_migration.py:113: error: Unsupported operand types for + ("None" and "int")  [operator]
src/agent_system/data_migration.py:113: note: Left operand is of type "int | None"
src/agent_system/data_migration.py:124: error: Unsupported operand types for + ("None" and "int")  [operator]
src/agent_system/data_migration.py:124: note: Left operand is of type "int | None"
src/agent_system/data_migration.py:144: error: Incompatible types in assignment (expression has type "Any | None", variable has type "list[Any]")  [assignment]
src/agent_system/data_migration.py:149: error: Unsupported operand types for + ("None" and "int")  [operator]
src/agent_system/data_migration.py:149: note: Left operand is of type "int | None"
src/agent_system/data_migration.py:150: error: Unsupported operand types for + ("None" and "int")  [operator]
src/agent_system/data_migration.py:150: note: Left operand is of type "int | None"
src/agent_system/data_migration.py:161: error: Unsupported operand types for + ("None" and "int")  [operator]
src/agent_system/data_migration.py:161: note: Left operand is of type "int | None"
src/agent_system/data_migration.py:171: error: Incompatible types in assignment (expression has type "None", variable has type "Path")  [assignment]
src/agent_system/data_migration.py:191: error: Incompatible types in assignment (expression has type "Any | None", variable has type "list[Any]")  [assignment]
src/agent_system/data_migration.py:201: error: Unsupported operand types for + ("None" and "int")  [operator]
src/agent_system/data_migration.py:201: note: Left operand is of type "int | None"
src/agent_system/data_migration.py:202: error: Unsupported operand types for + ("None" and "int")  [operator]
src/agent_system/data_migration.py:202: note: Left operand is of type "int | None"
src/agent_system/data_migration.py:213: error: Unsupported operand types for + ("None" and "int")  [operator]
src/agent_system/data_migration.py:213: note: Left operand is of type "int | None"
src/agent_system/data_migration.py:233: error: Incompatible types in assignment (expression has type "Any | None", variable has type "list[Any]")  [assignment]
src/agent_system/data_migration.py:243: error: Unsupported operand types for + ("None" and "int")  [operator]
src/agent_system/data_migration.py:243: note: Left operand is of type "int | None"
src/agent_system/data_migration.py:244: error: Unsupported operand types for + ("None" and "int")  [operator]
src/agent_system/data_migration.py:244: note: Left operand is of type "int | None"
src/agent_system/data_migration.py:255: error: Unsupported operand types for + ("None" and "int")  [operator]
src/agent_system/data_migration.py:255: note: Left operand is of type "int | None"
src/agent_system/data_migration.py:275: error: Incompatible types in assignment (expression has type "Any | None", variable has type "list[Any]")  [assignment]
src/agent_system/data_migration.py:287: error: Unsupported operand types for + ("None" and "int")  [operator]
src/agent_system/data_migration.py:287: note: Left operand is of type "int | None"
src/agent_system/data_migration.py:288: error: Unsupported operand types for + ("None" and "int")  [operator]
src/agent_system/data_migration.py:288: note: Left operand is of type "int | None"
src/agent_system/data_migration.py:299: error: Unsupported operand types for + ("None" and "int")  [operator]
src/agent_system/data_migration.py:299: note: Left operand is of type "int | None"
src/agent_system/data_migration.py:305: error: "int" has no attribute "total_seconds"  [attr-defined]
src/agent_system/enterprise_persistence.py:46: error: Call to untyped function "initialize" in typed context  [no-untyped-call]
src/agent_system/enterprise_persistence.py:73: error: Function is missing a type annotation for one or more arguments  [no-untyped-def]
src/agent_system/enterprise_persistence.py:79: error: Function is missing a type annotation for one or more arguments  [no-untyped-def]
src/agent_system/enterprise_persistence.py:85: error: Function is missing a type annotation for one or more arguments  [no-untyped-def]
src/agent_system/enterprise_persistence.py:90: error: Function is missing a type annotation for one or more arguments  [no-untyped-def]
src/agent_system/enterprise_persistence.py:96: error: Function is missing a type annotation for one or more arguments  [no-untyped-def]
src/agent_system/enterprise_persistence.py:101: error: Function is missing a type annotation for one or more arguments  [no-untyped-def]
src/agent_system/job_definitions.py:39: error: Unused "type: ignore" comment  [unused-ignore]
src/agent_system/job_definitions.py:59: error: Unused "type: ignore" comment  [unused-ignore]
src/agent_system/job_definitions.py:67: error: Unused "type: ignore" comment  [unused-ignore]
src/agent_system/api_schemas.py:58: error: Unused "type: ignore" comment  [unused-ignore]
src/agent_system/api_schemas.py:67: error: Unused "type: ignore" comment  [unused-ignore]
src/agent_system/api_schemas.py:76: error: Unused "type: ignore" comment  [unused-ignore]
src/agent_system/api_schemas.py:87: error: Unused "type: ignore" comment  [unused-ignore]
src/agent_system/api_schemas.py:103: error: Unused "type: ignore" comment  [unused-ignore]
src/agent_system/api_schemas.py:111: error: Unused "type: ignore" comment  [unused-ignore]
src/agent_system/api_schemas.py:120: error: Unused "type: ignore" comment  [unused-ignore]
src/agent_system/api_schemas.py:135: error: Unused "type: ignore" comment  [unused-ignore]
src/agent_system/api_schemas.py:145: error: Unused "type: ignore" comment  [unused-ignore]
src/agent_system/api_schemas.py:155: error: Unused "type: ignore" comment  [unused-ignore]
src/agent_system/api_schemas.py:181: error: Unused "type: ignore" comment  [unused-ignore]
src/agent_system/api_schemas.py:191: error: Unused "type: ignore" comment  [unused-ignore]
src/agent_system/api_schemas.py:202: error: Unused "type: ignore" comment  [unused-ignore]
src/agent_system/api_schemas.py:220: error: Unused "type: ignore" comment  [unused-ignore]
src/agent_system/api_schemas.py:242: error: Unused "type: ignore" comment  [unused-ignore]
src/agent_system/api_schemas.py:262: error: Unused "type: ignore" comment  [unused-ignore]
src/agent_system/api_schemas.py:272: error: Unused "type: ignore" comment  [unused-ignore]
src/agent_system/api_schemas.py:282: error: Unused "type: ignore" comment  [unused-ignore]
src/agent_system/api_schemas.py:302: error: Unused "type: ignore" comment  [unused-ignore]
src/agent_system/api_schemas.py:316: error: Unused "type: ignore" comment  [unused-ignore]
src/agent_system/api_schemas.py:333: error: Unused "type: ignore" comment  [unused-ignore]
src/agent_system/api_schemas.py:349: error: Unused "type: ignore" comment  [unused-ignore]
src/agent_system/api_schemas.py:364: error: Unused "type: ignore" comment  [unused-ignore]
src/agent_system/api_schemas.py:379: error: Unused "type: ignore" comment  [unused-ignore]
src/agent_system/api_schemas.py:388: error: Unused "type: ignore" comment  [unused-ignore]
src/agent_system/api_schemas.py:401: error: Unused "type: ignore" comment  [unused-ignore]
src/agent_system/api_schemas.py:410: error: Unused "type: ignore" comment  [unused-ignore]
src/agent_system/api_schemas.py:418: error: Unused "type: ignore" comment  [unused-ignore]
src/agent_system/api_schemas.py:428: error: Unused "type: ignore" comment  [unused-ignore]
src/agent_system/api_schemas.py:438: error: Unused "type: ignore" comment  [unused-ignore]
src/agent_system/api_schemas.py:446: error: Unused "type: ignore" comment  [unused-ignore]
src/agent_system/api_schemas.py:457: error: Unused "type: ignore" comment  [unused-ignore]
src/agent_system/api_schemas.py:467: error: Unused "type: ignore" comment  [unused-ignore]
src/agent_system/api_schemas.py:478: error: Unused "type: ignore" comment  [unused-ignore]
src/agent_system/llm_integration.py:21: error: Function is missing a type annotation for one or more arguments  [no-untyped-def]
src/agent_system/llm_integration.py:26: error: Function is missing a type annotation for one or more arguments  [no-untyped-def]
src/agent_system/llm_integration.py:30: error: Function is missing a return type annotation  [no-untyped-def]
src/agent_system/llm_integration.py:30: error: Function is missing a type annotation for one or more arguments  [no-untyped-def]
src/agent_system/llm_integration.py:36: error: Function is missing a return type annotation  [no-untyped-def]
src/agent_system/llm_integration.py:39: error: Call to untyped function "_gen" in typed context  [no-untyped-call]
src/agent_system/llm_integration.py:50: error: Function is missing a type annotation for one or more arguments  [no-untyped-def]
src/agent_system/llm_integration.py:61: error: Returning Any from function declared to return "str"  [no-any-return]
src/agent_system/llm_integration.py:67: error: Function is missing a type annotation for one or more arguments  [no-untyped-def]
src/agent_system/llm_integration.py:75: error: Argument "messages" to "create" of "AsyncCompletions" has incompatible type "list[dict[str, str]]"; expected "Iterable[ChatCompletionDeveloperMessageParam | ChatCompletionSystemMessageParam | ChatCompletionUserMessageParam | ChatCompletionAssistantMessageParam | ChatCompletionToolMessageParam | ChatCompletionFunctionMessageParam]"  [arg-type]
src/agent_system/llm_integration.py:78: error: Item "AsyncStream[ChatCompletionChunk]" of "ChatCompletion | AsyncStream[ChatCompletionChunk]" has no attribute "choices"  [union-attr]
src/agent_system/llm_integration.py:78: error: Incompatible return value type (got "str | Any | None", expected "str")  [return-value]
src/agent_system/llm_integration.py:84: error: Function is missing a return type annotation  [no-untyped-def]
src/agent_system/llm_integration.py:84: error: Function is missing a type annotation for one or more arguments  [no-untyped-def]
src/agent_system/llm_integration.py:91: error: Argument "messages" to "create" of "AsyncCompletions" has incompatible type "list[dict[str, str]]"; expected "Iterable[ChatCompletionDeveloperMessageParam | ChatCompletionSystemMessageParam | ChatCompletionUserMessageParam | ChatCompletionAssistantMessageParam | ChatCompletionToolMessageParam | ChatCompletionFunctionMessageParam]"  [arg-type]
src/agent_system/llm_integration.py:94: error: Function is missing a return type annotation  [no-untyped-def]
src/agent_system/llm_integration.py:95: error: Item "ChatCompletion" of "ChatCompletion | AsyncStream[ChatCompletionChunk]" has no attribute "__aiter__" (not async iterable)  [union-attr]
src/agent_system/llm_integration.py:103: error: Call to untyped function "_gen" in typed context  [no-untyped-call]
src/agent_system/llm_integration.py:116: error: Function is missing a type annotation for one or more arguments  [no-untyped-def]
src/agent_system/llm_integration.py:130: error: Returning Any from function declared to return "str"  [no-any-return]
src/agent_system/llm_integration.py:136: error: Function is missing a type annotation for one or more arguments  [no-untyped-def]
src/agent_system/llm_integration.py:146: error: Argument "messages" to "create" of "AsyncMessages" has incompatible type "list[dict[str, str]]"; expected "Iterable[MessageParam]"  [arg-type]
src/agent_system/llm_integration.py:151: error: Item "AsyncStream[RawMessageStartEvent | RawMessageDeltaEvent | RawMessageStopEvent | RawContentBlockStartEvent | RawContentBlockDeltaEvent | RawContentBlockStopEvent]" of "Message | AsyncStream[RawMessageStartEvent | RawMessageDeltaEvent | RawMessageStopEvent | RawContentBlockStartEvent | RawContentBlockDeltaEvent | RawContentBlockStopEvent]" has no attribute "content"  [union-attr]
src/agent_system/llm_integration.py:151: error: Item "ThinkingBlock" of "TextBlock | ThinkingBlock | RedactedThinkingBlock | ToolUseBlock | ServerToolUseBlock | WebSearchToolResultBlock | Any" has no attribute "text"  [union-attr]
src/agent_system/llm_integration.py:151: error: Item "RedactedThinkingBlock" of "TextBlock | ThinkingBlock | RedactedThinkingBlock | ToolUseBlock | ServerToolUseBlock | WebSearchToolResultBlock | Any" has no attribute "text"  [union-attr]
src/agent_system/llm_integration.py:151: error: Item "ToolUseBlock" of "TextBlock | ThinkingBlock | RedactedThinkingBlock | ToolUseBlock | ServerToolUseBlock | WebSearchToolResultBlock | Any" has no attribute "text"  [union-attr]
src/agent_system/llm_integration.py:151: error: Item "ServerToolUseBlock" of "TextBlock | ThinkingBlock | RedactedThinkingBlock | ToolUseBlock | ServerToolUseBlock | WebSearchToolResultBlock | Any" has no attribute "text"  [union-attr]
src/agent_system/llm_integration.py:151: error: Item "WebSearchToolResultBlock" of "TextBlock | ThinkingBlock | RedactedThinkingBlock | ToolUseBlock | ServerToolUseBlock | WebSearchToolResultBlock | Any" has no attribute "text"  [union-attr]
src/agent_system/llm_integration.py:157: error: Function is missing a return type annotation  [no-untyped-def]
src/agent_system/llm_integration.py:157: error: Function is missing a type annotation for one or more arguments  [no-untyped-def]
src/agent_system/llm_integration.py:165: error: Argument "messages" to "create" of "AsyncMessages" has incompatible type "list[dict[str, str]]"; expected "Iterable[MessageParam]"  [arg-type]
src/agent_system/llm_integration.py:170: error: Function is missing a return type annotation  [no-untyped-def]
src/agent_system/llm_integration.py:171: error: Item "Message" of "Message | AsyncStream[RawMessageStartEvent | RawMessageDeltaEvent | RawMessageStopEvent | RawContentBlockStartEvent | RawContentBlockDeltaEvent | RawContentBlockStopEvent]" has no attribute "__aiter__" (not async iterable)  [union-attr]
src/agent_system/llm_integration.py:178: error: Call to untyped function "_gen" in typed context  [no-untyped-call]
src/agent_system/llm_integration.py:191: error: Function is missing a type annotation for one or more arguments  [no-untyped-def]
src/agent_system/llm_integration.py:203: error: Returning Any from function declared to return "str"  [no-any-return]
src/agent_system/llm_integration.py:209: error: Function is missing a type annotation for one or more arguments  [no-untyped-def]
src/agent_system/llm_integration.py:221: error: Returning Any from function declared to return "str"  [no-any-return]
src/agent_system/llm_integration.py:227: error: Function is missing a return type annotation  [no-untyped-def]
src/agent_system/llm_integration.py:227: error: Function is missing a type annotation for one or more arguments  [no-untyped-def]
src/agent_system/llm_integration.py:240: error: Function is missing a return type annotation  [no-untyped-def]
src/agent_system/llm_integration.py:246: error: Call to untyped function "_gen" in typed context  [no-untyped-call]
src/agent_system/llm_integration.py:255: error: Function is missing a return type annotation  [no-untyped-def]
src/agent_system/llm_integration.py:255: note: Use "-> None" if function does not return a value
src/agent_system/llm_integration.py:257: error: Call to untyped function "_initialize_providers" in typed context  [no-untyped-call]
src/agent_system/llm_integration.py:259: error: Function is missing a return type annotation  [no-untyped-def]
src/agent_system/llm_integration.py:259: note: Use "-> None" if function does not return a value
src/agent_system/llm_integration.py:277: error: Function is missing a type annotation for one or more arguments  [no-untyped-def]
src/agent_system/llm_integration.py:304: error: Function is missing a type annotation for one or more arguments  [no-untyped-def]
src/agent_system/llm_integration.py:338: error: Function is missing a return type annotation  [no-untyped-def]
src/agent_system/llm_integration.py:338: error: Function is missing a type annotation for one or more arguments  [no-untyped-def]
src/agent_system/llm_integration.py:359: error: Function is missing a return type annotation  [no-untyped-def]
src/agent_system/llm_integration.py:363: error: Call to untyped function "_gen" in typed context  [no-untyped-call]
src/agent_system/llm_integration.py:371: error: Call to untyped function "LLMManager" in typed context  [no-untyped-call]
src/agent_system/llm_integration.py:377: error: Function is missing a return type annotation  [no-untyped-def]
src/agent_system/llm_integration.py:377: note: Use "-> None" if function does not return a value
src/agent_system/llm_integration.py:427: error: Returning Any from function declared to return "list[dict[str, Any]]"  [no-any-return]
src/agent_system/job_manager.py:47: error: Call to untyped function "get_session" in typed context  [no-untyped-call]
src/agent_system/job_manager.py:67: error: Call to untyped function "get_session" in typed context  [no-untyped-call]
src/agent_system/job_manager.py:83: error: Call to untyped function "get_session" in typed context  [no-untyped-call]
src/agent_system/job_manager.py:104: error: Call to untyped function "get_session" in typed context  [no-untyped-call]
src/agent_system/job_manager.py:119: error: Call to untyped function "get_session" in typed context  [no-untyped-call]
src/agent_system/job_manager.py:127: error: Call to untyped function "get_session" in typed context  [no-untyped-call]
src/agent_system/job_manager.py:139: error: Call to untyped function "get_session" in typed context  [no-untyped-call]
src/agent_system/job_manager.py:150: error: Call to untyped function "get_session" in typed context  [no-untyped-call]
src/agent_system/job_manager.py:210: error: Argument 1 to "_ts" has incompatible type "Column[datetime]"; expected "datetime | None"  [arg-type]
src/agent_system/job_manager.py:211: error: Argument 1 to "_ts" has incompatible type "Column[datetime]"; expected "datetime | None"  [arg-type]
src/agent_system/job_manager.py:212: error: Argument 1 to "_ts" has incompatible type "Column[datetime]"; expected "datetime | None"  [arg-type]
src/agent_system/job_manager.py:213: error: Argument 1 to "_ts" has incompatible type "Column[datetime]"; expected "datetime | None"  [arg-type]
src/agent_system/config.py:16: error: Variable "pydantic.BaseSettings" is not valid as a type  [valid-type]
src/agent_system/config.py:16: note: See https://mypy.readthedocs.io/en/stable/common_issues.html#variables-vs-type-aliases
src/agent_system/config.py:16: error: Invalid base class "BaseSettings"  [misc]
src/agent_system/chat_cli.py:78: error: Function is missing a return type annotation  [no-untyped-def]
src/agent_system/chat_cli.py:81: error: Function is missing a return type annotation  [no-untyped-def]
src/agent_system/chat_cli.py:84: error: Function is missing a return type annotation  [no-untyped-def]
src/agent_system/chat_cli.py:178: error: Incompatible types in assignment (expression has type "Any | None", variable has type "str")  [assignment]
src/agent_system/chat_cli.py:282: error: Function is missing a return type annotation  [no-untyped-def]
src/agent_system/chat_cli.py:305: error: Call to untyped function "enable_real_tools" in typed context  [no-untyped-call]
src/agent_system/chat_cli.py:414: error: Argument "name" to "Action" has incompatible type "Any | None"; expected "str"  [arg-type]
src/agent_system/chat_cli.py:415: error: Argument "tool_name" to "Action" has incompatible type "Any | None"; expected "str"  [arg-type]
src/agent_system/chat_cli.py:535: error: Argument "name" to "Action" has incompatible type "Any | None"; expected "str"  [arg-type]
src/agent_system/chat_cli.py:536: error: Argument "tool_name" to "Action" has incompatible type "Any | None"; expected "str"  [arg-type]
src/agent_system/chat_cli.py:679: error: Incompatible types in assignment (expression has type "Path", variable has type "str")  [assignment]
src/agent_system/chat_cli.py:695: error: Call to untyped function "enable_real_tools" in typed context  [no-untyped-call]
src/agent_system/chat_cli.py:698: error: Call to untyped function "disable_real_tools" in typed context  [no-untyped-call]
src/agent_system/chat_cli.py:728: error: Incompatible types in assignment (expression has type "str | None", variable has type "str")  [assignment]
src/agent_system/chat_cli.py:750: error: Name "params" already defined on line 716  [no-redef]
src/agent_system/chat_cli.py:823: error: Incompatible types in assignment (expression has type "Path", variable has type "MemoryItem")  [assignment]
src/agent_system/chat_cli.py:843: error: Incompatible types in assignment (expression has type "list[Todo]", variable has type "list[Path]")  [assignment]
src/agent_system/chat_cli.py:846: error: "Path" has no attribute "id"  [attr-defined]
src/agent_system/chat_cli.py:846: error: "Path" has no attribute "status"; maybe "stat"?  [attr-defined]
src/agent_system/chat_cli.py:846: error: "Path" has no attribute "priority"  [attr-defined]
src/agent_system/chat_cli.py:846: error: "Path" has no attribute "title"  [attr-defined]
src/agent_system/chat_cli.py:982: error: Argument "name" to "Action" has incompatible type "Any | None"; expected "str"  [arg-type]
src/agent_system/chat_cli.py:983: error: Argument "tool_name" to "Action" has incompatible type "Any | None"; expected "str"  [arg-type]
src/agent_system/chat_cli.py:1011: error: Argument "name" to "Action" has incompatible type "Any | None"; expected "str"  [arg-type]
src/agent_system/chat_cli.py:1012: error: Argument "tool_name" to "Action" has incompatible type "Any | None"; expected "str"  [arg-type]
src/agent_system/chat_cli.py:1040: error: Function is missing a return type annotation  [no-untyped-def]
src/agent_system/chat_cli.py:1040: note: Use "-> None" if function does not return a value
src/agent_system/cache_manager.py:17: error: Unused "type: ignore" comment  [unused-ignore]
src/agent_system/cache_manager.py:18: error: Unused "type: ignore" comment  [unused-ignore]
src/agent_system/cache_manager.py:47: error: Missing type parameters for generic type "Dict"  [type-arg]
src/agent_system/cache_manager.py:84: error: Incompatible types in assignment (expression has type "ConnectionPool", variable has type "None")  [assignment]
src/agent_system/cache_manager.py:119: error: Function is missing a return type annotation  [no-untyped-def]
src/agent_system/cache_manager.py:119: note: Use "-> None" if function does not return a value
src/agent_system/cache_manager.py:143: error: Function is missing a type annotation for one or more arguments  [no-untyped-def]
src/agent_system/cache_manager.py:162: error: Incompatible return value type (got "str | int | float", expected "str | bytes")  [return-value]
src/agent_system/cache_manager.py:194: error: Function is missing a return type annotation  [no-untyped-def]
src/agent_system/cache_manager.py:202: error: Incompatible types in assignment (expression has type "AdvancedMonitoringSystem", variable has type "None")  [assignment]
src/agent_system/cache_manager.py:210: error: Function is missing a return type annotation  [no-untyped-def]
src/agent_system/cache_manager.py:211: error: Call to untyped function "_get_monitoring_system" in typed context  [no-untyped-call]
src/agent_system/cache_manager.py:224: error: Function is missing a type annotation for one or more arguments  [no-untyped-def]
src/agent_system/cache_manager.py:240: error: Item "None" of "Redis | None" has no attribute "setex"  [union-attr]
src/agent_system/cache_manager.py:242: error: Item "None" of "Redis | None" has no attribute "set"  [union-attr]
src/agent_system/cache_manager.py:255: error: Function is missing a type annotation for one or more arguments  [no-untyped-def]
src/agent_system/cache_manager.py:266: error: Item "None" of "Redis | None" has no attribute "get"  [union-attr]
src/agent_system/cache_manager.py:286: error: Function is missing a type annotation for one or more arguments  [no-untyped-def]
src/agent_system/cache_manager.py:297: error: Item "None" of "Redis | None" has no attribute "delete"  [union-attr]
src/agent_system/cache_manager.py:324: error: Item "None" of "Redis | None" has no attribute "keys"  [union-attr]
src/agent_system/cache_manager.py:327: error: Item "None" of "Redis | None" has no attribute "delete"  [union-attr]
src/agent_system/cache_manager.py:332: error: Returning Any from function declared to return "int"  [no-any-return]
src/agent_system/cache_manager.py:342: error: Function is missing a type annotation for one or more arguments  [no-untyped-def]
src/agent_system/cache_manager.py:352: error: Item "None" of "Redis | None" has no attribute "exists"  [union-attr]
src/agent_system/cache_manager.py:370: error: Item "None" of "Redis | None" has no attribute "incrby"  [union-attr]
src/agent_system/cache_manager.py:372: error: Returning Any from function declared to return "int | None"  [no-any-return]
src/agent_system/cache_manager.py:379: error: Function is missing a type annotation for one or more arguments  [no-untyped-def]
src/agent_system/cache_manager.py:389: error: Item "None" of "Redis | None" has no attribute "ttl"  [union-attr]
src/agent_system/cache_manager.py:390: error: Returning Any from function declared to return "int | None"  [no-any-return]
src/agent_system/cache_manager.py:407: error: Item "None" of "Redis | None" has no attribute "keys"  [union-attr]
src/agent_system/cache_manager.py:410: error: Item "None" of "Redis | None" has no attribute "delete"  [union-attr]
src/agent_system/cache_manager.py:413: error: Returning Any from function declared to return "int"  [no-any-return]
src/agent_system/cache_manager.py:431: error: Item "None" of "Redis | None" has no attribute "info"  [union-attr]
src/agent_system/cache_manager.py:432: error: Item "None" of "Redis | None" has no attribute "dbsize"  [union-attr]
src/agent_system/cache_manager.py:437: error: Incompatible types in assignment (expression has type "float", variable has type "int")  [assignment]
src/agent_system/cache_manager.py:478: error: Returning Any from function declared to return "dict[str, Any] | None"  [no-any-return]
src/agent_system/advanced_monitoring.py:690: error: Value of type "Coroutine[Any, Any, bool]" must be used  [unused-coroutine]
src/agent_system/advanced_monitoring.py:690: note: Are you missing an await?
src/agent_system/advanced_monitoring.py:714: error: Need type annotation for "_cached_metrics" (hint: "_cached_metrics: dict[<type>, <type>] = ...")  [var-annotated]
src/agent_system/advanced_monitoring.py:737: error: Incompatible types in assignment (expression has type "dict[str, object]", target has type "float")  [assignment]
src/agent_system/advanced_monitoring.py:746: error: Need type annotation for "compliant" (hint: "compliant: list[<type>] = ...")  [var-annotated]
src/agent_system/advanced_monitoring.py:754: error: Value of type "float" is not indexable  [index]
src/agent_system/advanced_monitoring.py:755: error: Value of type "float" is not indexable  [index]
src/agent_system/task_queue.py:16: error: Unused "type: ignore" comment  [unused-ignore]
src/agent_system/task_queue.py:17: error: Unused "type: ignore" comment  [unused-ignore]
src/agent_system/task_queue.py:18: error: Unused "type: ignore" comment  [unused-ignore]
src/agent_system/task_queue.py:19: error: Unused "type: ignore" comment  [unused-ignore]
src/agent_system/task_queue.py:26: error: Unused "type: ignore" comment  [unused-ignore]
src/agent_system/task_queue.py:129: error: Argument "connection" to "Queue" has incompatible type "redis.asyncio.client.Redis | None"; expected "redis.client.Redis | None"  [arg-type]
src/agent_system/task_queue.py:134: error: Argument "connection" to "Queue" has incompatible type "redis.asyncio.client.Redis | None"; expected "redis.client.Redis | None"  [arg-type]
src/agent_system/task_queue.py:139: error: Argument "connection" to "Queue" has incompatible type "redis.asyncio.client.Redis | None"; expected "redis.client.Redis | None"  [arg-type]
src/agent_system/task_queue.py:144: error: Argument "connection" to "Queue" has incompatible type "redis.asyncio.client.Redis | None"; expected "redis.client.Redis | None"  [arg-type]
src/agent_system/task_queue.py:170: error: Function is missing a type annotation for one or more arguments  [no-untyped-def]
src/agent_system/task_queue.py:172: error: Missing type parameters for generic type "Callable"  [type-arg]
src/agent_system/task_queue.py:207: error: Function is missing a type annotation for one or more arguments  [no-untyped-def]
src/agent_system/task_queue.py:209: error: Missing type parameters for generic type "Callable"  [type-arg]
src/agent_system/task_queue.py:224: error: Function is missing a return type annotation  [no-untyped-def]
src/agent_system/task_queue.py:230: error: Function is missing a type annotation  [no-untyped-def]
src/agent_system/task_queue.py:254: error: Function is missing a type annotation for one or more arguments  [no-untyped-def]
src/agent_system/task_queue.py:256: error: Missing type parameters for generic type "Callable"  [type-arg]
src/agent_system/task_queue.py:273: error: Item "None" of "Any | None" has no attribute "enqueue_at"  [union-attr]
src/agent_system/task_queue.py:276: error: Returning Any from function declared to return "str"  [no-any-return]
src/agent_system/task_queue.py:278: error: Function is missing a type annotation for one or more arguments  [no-untyped-def]
src/agent_system/task_queue.py:280: error: Missing type parameters for generic type "Callable"  [type-arg]
src/agent_system/task_queue.py:295: error: Item "None" of "Any | None" has no attribute "schedule"  [union-attr]
src/agent_system/task_queue.py:305: error: Returning Any from function declared to return "str"  [no-any-return]
src/agent_system/task_queue.py:313: error: Argument "connection" to "fetch" of "Job" has incompatible type "redis.asyncio.client.Redis | None"; expected "redis.client.Redis | None"  [arg-type]
src/agent_system/task_queue.py:362: error: Argument "connection" to "StartedJobRegistry" has incompatible type "redis.asyncio.client.Redis | None"; expected "redis.client.Redis | None"  [arg-type]
src/agent_system/task_queue.py:365: error: Argument "connection" to "FailedJobRegistry" has incompatible type "redis.asyncio.client.Redis | None"; expected "redis.client.Redis | None"  [arg-type]
src/agent_system/task_queue.py:368: error: Argument "connection" to "FinishedJobRegistry" has incompatible type "redis.asyncio.client.Redis | None"; expected "redis.client.Redis | None"  [arg-type]
src/agent_system/task_queue.py:370: error: Item "None" of "Any | None" has no attribute "get_jobs"  [union-attr]
src/agent_system/task_queue.py:384: error: Incompatible types in assignment (expression has type "Any | Callable[[str, SupportsIndex | None, SupportsIndex | None], int]", variable has type "int")  [assignment]
src/agent_system/task_queue.py:464: error: Argument "connection" to "FailedJobRegistry" has incompatible type "redis.asyncio.client.Redis | None"; expected "redis.client.Redis | None"  [arg-type]
src/agent_system/task_queue.py:483: error: Function is missing a return type annotation  [no-untyped-def]
src/agent_system/task_queue.py:483: note: Use "-> None" if function does not return a value
src/agent_system/task_queue.py:495: error: Function is missing a return type annotation  [no-untyped-def]
src/agent_system/task_queue.py:502: error: Function is missing a return type annotation  [no-untyped-def]
src/agent_system/task_queue.py:502: error: Missing type parameters for generic type "Callable"  [type-arg]
src/agent_system/task_queue.py:503: error: Function is missing a type annotation  [no-untyped-def]
src/agent_system/task_queue.py:509: error: "Callable[[VarArg(Any), KwArg(Any)], Any]" has no attribute "_queue_job"  [attr-defined]
src/agent_system/task_queue.py:510: error: "Callable[[VarArg(Any), KwArg(Any)], Any]" has no attribute "_priority"  [attr-defined]
src/agent_system/task_queue.py:511: error: "Callable[[VarArg(Any), KwArg(Any)], Any]" has no attribute "_timeout"  [attr-defined]
src/agent_system/task_queue.py:512: error: "Callable[[VarArg(Any), KwArg(Any)], Any]" has no attribute "_ttl"  [attr-defined]
src/agent_system/task_queue.py:519: error: Untyped decorator makes function "send_notification_task" untyped  [misc]
src/agent_system/task_queue.py:520: error: Function is missing a return type annotation  [no-untyped-def]
src/agent_system/task_queue.py:526: error: Missing positional argument "value" in call to "set" of "CacheManager"  [call-arg]
src/agent_system/task_queue.py:528: error: Argument 2 to "set" of "CacheManager" has incompatible type "dict[str, str]"; expected "str"  [arg-type]
src/agent_system/task_queue.py:542: error: Untyped decorator makes function "process_ai_analysis_task" untyped  [misc]
src/agent_system/task_queue.py:557: error: Missing positional argument "value" in call to "set" of "CacheManager"  [call-arg]
src/agent_system/task_queue.py:558: error: Argument 2 to "set" of "CacheManager" has incompatible type "dict[str, Collection[str]]"; expected "str"  [arg-type]
src/agent_system/task_queue.py:568: error: Function is missing a return type annotation  [no-untyped-def]
src/agent_system/task_queue.py:590: error: Untyped decorator makes function "emergency_task" untyped  [misc]
src/agent_system/task_queue.py:591: error: Function is missing a return type annotation  [no-untyped-def]
src/agent_system/task_queue.py:597: error: Missing positional argument "value" in call to "set" of "CacheManager"  [call-arg]
src/agent_system/task_queue.py:599: error: Argument 2 to "set" of "CacheManager" has incompatible type "dict[str, Collection[str]]"; expected "str"  [arg-type]
src/agent_system/service_registry.py:106: error: Incompatible types in assignment (expression has type "Redis", variable has type "None")  [assignment]
src/agent_system/service_registry.py:153: error: "None" has no attribute "set"  [attr-defined]
src/agent_system/service_registry.py:156: error: "None" has no attribute "sadd"  [attr-defined]
src/agent_system/service_registry.py:174: error: "None" has no attribute "get"  [attr-defined]
src/agent_system/service_registry.py:180: error: "None" has no attribute "set"  [attr-defined]
src/agent_system/service_registry.py:197: error: "None" has no attribute "delete"  [attr-defined]
src/agent_system/service_registry.py:198: error: "None" has no attribute "srem"  [attr-defined]
src/agent_system/service_registry.py:220: error: "None" has no attribute "smembers"  [attr-defined]
src/agent_system/service_registry.py:227: error: "None" has no attribute "get"  [attr-defined]
src/agent_system/service_registry.py:229: error: "None" has no attribute "srem"  [attr-defined]
src/agent_system/service_registry.py:259: error: "None" has no attribute "smembers"  [attr-defined]
src/agent_system/service_registry.py:263: error: "None" has no attribute "get"  [attr-defined]
src/agent_system/service_registry.py:265: error: "None" has no attribute "srem"  [attr-defined]
src/agent_system/service_registry.py:280: error: "None" has no attribute "keys"  [attr-defined]
src/agent_system/service_registry.py:293: error: Returning Any from function declared to return "str"  [no-any-return]
src/agent_system/distributed_state_manager.py:99: error: Incompatible types in assignment (expression has type "Redis", variable has type "None")  [assignment]
src/agent_system/distributed_state_manager.py:129: error: Argument "owner" to "StateRecord" has incompatible type "str | Any | None"; expected "str"  [arg-type]
src/agent_system/distributed_state_manager.py:143: error: "None" has no attribute "get"  [attr-defined]
src/agent_system/distributed_state_manager.py:147: error: "None" has no attribute "set"  [attr-defined]
src/agent_system/distributed_state_manager.py:187: error: "None" has no attribute "get"  [attr-defined]
src/agent_system/distributed_state_manager.py:202: error: "None" has no attribute "delete"  [attr-defined]
src/agent_system/distributed_state_manager.py:224: error: "None" has no attribute "keys"  [attr-defined]
src/agent_system/distributed_state_manager.py:227: error: "None" has no attribute "get"  [attr-defined]
src/agent_system/distributed_state_manager.py:256: error: "None" has no attribute "set"  [attr-defined]
src/agent_system/distributed_state_manager.py:274: error: "None" has no attribute "get"  [attr-defined]
src/agent_system/distributed_state_manager.py:279: error: "None" has no attribute "delete"  [attr-defined]
src/agent_system/distributed_state_manager.py:286: error: Returning Any from function declared to return "str"  [no-any-return]
src/agent_system/distributed_message_queue.py:17: error: Module "src.agent_system.cache_manager" does not explicitly export attribute "Redis"  [attr-defined]
src/agent_system/distributed_message_queue.py:177: error: Incompatible types in "await" (actual type "Awaitable[int] | int | Any", expected type "Awaitable[Any]")  [misc]
src/agent_system/distributed_message_queue.py:177: error: Item "None" of "Redis | None" has no attribute "rpush"  [union-attr]
src/agent_system/distributed_message_queue.py:178: error: Item "None" of "Redis | None" has no attribute "expire"  [union-attr]
src/agent_system/distributed_message_queue.py:205: error: Incompatible types in "await" (actual type "Awaitable[list[Any]] | list[Any] | Any", expected type "Awaitable[Any]")  [misc]
src/agent_system/distributed_message_queue.py:205: error: Item "None" of "Redis | None" has no attribute "blpop"  [union-attr]
src/agent_system/distributed_message_queue.py:225: error: Incompatible types in "await" (actual type "Awaitable[int] | int | Any", expected type "Awaitable[Any]")  [misc]
src/agent_system/distributed_message_queue.py:225: error: Item "None" of "Redis | None" has no attribute "hdel"  [union-attr]
src/agent_system/distributed_message_queue.py:241: error: Incompatible types in "await" (actual type "Awaitable[dict[Any, Any]] | dict[Any, Any] | Any", expected type "Awaitable[Any]")  [misc]
src/agent_system/distributed_message_queue.py:241: error: Item "None" of "Redis | None" has no attribute "hgetall"  [union-attr]
src/agent_system/distributed_message_queue.py:256: error: Incompatible types in "await" (actual type "Awaitable[int] | int | Any", expected type "Awaitable[Any]")  [misc]
src/agent_system/distributed_message_queue.py:256: error: Item "None" of "Redis | None" has no attribute "rpush"  [union-attr]
src/agent_system/distributed_message_queue.py:260: error: Incompatible types in "await" (actual type "Awaitable[int] | int | Any", expected type "Awaitable[Any]")  [misc]
src/agent_system/distributed_message_queue.py:260: error: Item "None" of "Redis | None" has no attribute "hdel"  [union-attr]
src/agent_system/distributed_message_queue.py:281: error: Incompatible types in "await" (actual type "Awaitable[int] | int | Any", expected type "Awaitable[Any]")  [misc]
src/agent_system/distributed_message_queue.py:281: error: Item "None" of "Redis | None" has no attribute "llen"  [union-attr]
src/agent_system/distributed_message_queue.py:283: error: Incompatible types in "await" (actual type "Awaitable[int] | int | Any", expected type "Awaitable[Any]")  [misc]
src/agent_system/distributed_message_queue.py:283: error: Item "None" of "Redis | None" has no attribute "hlen"  [union-attr]
src/agent_system/distributed_message_queue.py:359: error: Incompatible types in "await" (actual type "Awaitable[int] | int | Any", expected type "Awaitable[Any]")  [misc]
src/agent_system/distributed_message_queue.py:359: error: Item "None" of "Redis | None" has no attribute "hset"  [union-attr]
src/agent_system/distributed_message_queue.py:362: error: Item "None" of "Redis | None" has no attribute "expire"  [union-attr]
src/agent_system/distributed_message_queue.py:368: error: Returning Any from function declared to return "str"  [no-any-return]
src/agent_system/advanced_caching.py:50: error: Incompatible types in assignment (expression has type "None", variable has type "list[str]")  [assignment]
src/agent_system/advanced_caching.py:52: error: Function is missing a return type annotation  [no-untyped-def]
src/agent_system/advanced_caching.py:52: note: Use "-> None" if function does not return a value
src/agent_system/advanced_caching.py:62: error: Function is missing a return type annotation  [no-untyped-def]
src/agent_system/advanced_caching.py:62: note: Use "-> None" if function does not return a value
src/agent_system/advanced_caching.py:84: error: Missing type parameters for generic type "Task"  [type-arg]
src/agent_system/advanced_caching.py:86: error: Function is missing a type annotation for one or more arguments  [no-untyped-def]
src/agent_system/advanced_caching.py:107: error: Call to untyped function "touch" in typed context  [no-untyped-call]
src/agent_system/advanced_caching.py:117: error: Missing positional argument "key" in call to "get" of "CacheManager"  [call-arg]
src/agent_system/advanced_caching.py:128: error: Function is missing a return type annotation  [no-untyped-def]
src/agent_system/advanced_caching.py:142: error: Function is missing a return type annotation  [no-untyped-def]
src/agent_system/advanced_caching.py:149: error: Call to untyped function "_evict_l1" in typed context  [no-untyped-call]
src/agent_system/advanced_caching.py:162: error: Function is missing a return type annotation  [no-untyped-def]
src/agent_system/advanced_caching.py:166: error: Missing positional argument "value" in call to "set" of "CacheManager"  [call-arg]
src/agent_system/advanced_caching.py:170: error: Function is missing a return type annotation  [no-untyped-def]
src/agent_system/advanced_caching.py:193: error: Function is missing a return type annotation  [no-untyped-def]
src/agent_system/advanced_caching.py:217: error: Missing positional argument "pattern" in call to "delete_pattern" of "CacheManager"  [call-arg]
src/agent_system/advanced_caching.py:221: error: Function is missing a return type annotation  [no-untyped-def]
src/agent_system/advanced_caching.py:227: error: Function is missing a return type annotation  [no-untyped-def]
src/agent_system/infrastructure_manager.py:33: error: Function is missing a return type annotation  [no-untyped-def]
src/agent_system/infrastructure_manager.py:33: note: Use "-> None" if function does not return a value
src/agent_system/infrastructure_manager.py:43: error: Missing type parameters for generic type "Task"  [type-arg]
src/agent_system/infrastructure_manager.py:44: error: Missing type parameters for generic type "Task"  [type-arg]
src/agent_system/infrastructure_manager.py:117: error: Call to untyped function "_setup_monitoring" in typed context  [no-untyped-call]
src/agent_system/infrastructure_manager.py:137: error: Function is missing a return type annotation  [no-untyped-def]
src/agent_system/infrastructure_manager.py:165: error: Call to untyped function "_heartbeat_loop" in typed context  [no-untyped-call]
src/agent_system/infrastructure_manager.py:166: error: Call to untyped function "_queue_rescue_loop" in typed context  [no-untyped-call]
src/agent_system/infrastructure_manager.py:180: error: Function is missing a return type annotation  [no-untyped-def]
src/agent_system/infrastructure_manager.py:180: note: Use "-> None" if function does not return a value
src/agent_system/infrastructure_manager.py:194: error: Function is missing a return type annotation  [no-untyped-def]
src/agent_system/infrastructure_manager.py:194: note: Use "-> None" if function does not return a value
src/agent_system/infrastructure_manager.py:212: error: Function is missing a return type annotation  [no-untyped-def]
src/agent_system/infrastructure_manager.py:212: note: Use "-> None" if function does not return a value
src/agent_system/infrastructure_manager.py:265: error: Function is missing a return type annotation  [no-untyped-def]
src/agent_system/infrastructure_manager.py:265: note: Use "-> None" if function does not return a value
src/agent_system/infrastructure_manager.py:269: error: Missing positional argument "value" in call to "set" of "CacheManager"  [call-arg]
src/agent_system/infrastructure_manager.py:271: error: Argument 2 to "set" of "CacheManager" has incompatible type "dict[str, object]"; expected "str"  [arg-type]
src/agent_system/infrastructure_manager.py:281: error: Call to untyped function "_cache_queue_stats" in typed context  [no-untyped-call]
src/agent_system/infrastructure_manager.py:288: error: Function is missing a return type annotation  [no-untyped-def]
src/agent_system/infrastructure_manager.py:288: note: Use "-> None" if function does not return a value
src/agent_system/infrastructure_manager.py:294: error: Missing positional argument "value" in call to "set" of "CacheManager"  [call-arg]
src/agent_system/infrastructure_manager.py:296: error: Argument 2 to "set" of "CacheManager" has incompatible type "dict[str, Any]"; expected "str"  [arg-type]
src/agent_system/infrastructure_manager.py:380: error: Value of type "Collection[str]" is not indexable  [index]
src/agent_system/infrastructure_manager.py:381: error: Unsupported target for indexed assignment ("Collection[str]")  [index]
src/agent_system/infrastructure_manager.py:407: error: Function is missing a return type annotation  [no-untyped-def]
src/agent_system/infrastructure_manager.py:407: error: Function is missing a type annotation for one or more arguments  [no-untyped-def]
src/agent_system/infrastructure_manager.py:432: error: Function is missing a return type annotation  [no-untyped-def]
src/agent_system/infrastructure_manager.py:432: error: Function is missing a type annotation for one or more arguments  [no-untyped-def]
src/agent_system/infrastructure_manager.py:511: error: Dict entry 0 has incompatible type "str": "str"; expected "str": "int"  [dict-item]
src/agent_system/infrastructure_manager.py:513: error: Function is missing a return type annotation  [no-untyped-def]
src/agent_system/infrastructure_manager.py:513: note: Use "-> None" if function does not return a value
src/agent_system/infrastructure_manager.py:519: error: Call to untyped function "_stop_distributed_components" in typed context  [no-untyped-call]
src/agent_system/infrastructure_manager.py:523: error: Call to untyped function "stop_scheduler" in typed context  [no-untyped-call]
src/agent_system/infrastructure_manager.py:527: error: Call to untyped function "disconnect" in typed context  [no-untyped-call]
src/agent_system/infrastructure_manager.py:540: error: Call to untyped function "InfrastructureManager" in typed context  [no-untyped-call]
src/agent_system/infrastructure_manager.py:585: error: Function is missing a type annotation  [no-untyped-def]
src/agent_system/infrastructure_manager.py:590: error: Function is missing a return type annotation  [no-untyped-def]
src/agent_system/infrastructure_manager.py:590: error: Function is missing a type annotation for one or more arguments  [no-untyped-def]
src/agent_system/infrastructure_manager.py:603: error: Function is missing a return type annotation  [no-untyped-def]
src/agent_system/infrastructure_manager.py:637: error: Function is missing a return type annotation  [no-untyped-def]
src/agent_system/infrastructure_manager.py:640: error: Call to untyped function "shutdown" in typed context  [no-untyped-call]
src/agent_system/infrastructure_manager.py:676: error: Function is missing a return type annotation  [no-untyped-def]
src/agent_system/infrastructure_manager.py:682: error: Missing positional argument "value" in call to "set" of "CacheManager"  [call-arg]
src/agent_system/infrastructure_manager.py:684: error: Argument 2 to "set" of "CacheManager" has incompatible type "dict[str, Any]"; expected "str"  [arg-type]
src/agent_system/infrastructure_manager.py:696: error: Function is missing a return type annotation  [no-untyped-def]
src/agent_system/infrastructure_manager.py:702: error: Missing positional argument "value" in call to "set" of "CacheManager"  [call-arg]
src/agent_system/infrastructure_manager.py:704: error: Argument 2 to "set" of "CacheManager" has incompatible type "dict[str, object]"; expected "str"  [arg-type]
src/agent_system/multi_agent_system.py:184: error: Function is missing a return type annotation  [no-untyped-def]
src/agent_system/multi_agent_system.py:184: note: Use "-> None" if function does not return a value
src/agent_system/multi_agent_system.py:187: error: Call to untyped function "_initialize_default_agents" in typed context  [no-untyped-call]
src/agent_system/multi_agent_system.py:189: error: Function is missing a return type annotation  [no-untyped-def]
src/agent_system/multi_agent_system.py:189: note: Use "-> None" if function does not return a value
src/agent_system/multi_agent_system.py:275: error: Function is missing a return type annotation  [no-untyped-def]
src/agent_system/multi_agent_system.py:302: error: Incompatible types in assignment (expression has type "float", variable has type "int")  [assignment]
src/agent_system/multi_agent_system.py:346: error: Need type annotation for "message_queue"  [var-annotated]
src/agent_system/multi_agent_system.py:347: error: Missing type parameters for generic type "Callable"  [type-arg]
src/agent_system/multi_agent_system.py:354: error: Missing type parameters for generic type "Task"  [type-arg]
src/agent_system/multi_agent_system.py:355: error: Missing type parameters for generic type "Task"  [type-arg]
src/agent_system/multi_agent_system.py:357: error: Function is missing a return type annotation  [no-untyped-def]
src/agent_system/multi_agent_system.py:357: note: Use "-> None" if function does not return a value
src/agent_system/multi_agent_system.py:360: error: Call to untyped function "_message_processor" in typed context  [no-untyped-call]
src/agent_system/multi_agent_system.py:363: error: Call to untyped function "_distributed_consumer" in typed context  [no-untyped-call]
src/agent_system/multi_agent_system.py:366: error: Function is missing a return type annotation  [no-untyped-def]
src/agent_system/multi_agent_system.py:366: note: Use "-> None" if function does not return a value
src/agent_system/multi_agent_system.py:386: error: Function is missing a return type annotation  [no-untyped-def]
src/agent_system/multi_agent_system.py:408: error: Function is missing a return type annotation  [no-untyped-def]
src/agent_system/multi_agent_system.py:408: error: Missing type parameters for generic type "Callable"  [type-arg]
src/agent_system/multi_agent_system.py:414: error: Function is missing a return type annotation  [no-untyped-def]
src/agent_system/multi_agent_system.py:414: note: Use "-> None" if function does not return a value
src/agent_system/multi_agent_system.py:427: error: Function is missing a return type annotation  [no-untyped-def]
src/agent_system/multi_agent_system.py:448: error: Function is missing a return type annotation  [no-untyped-def]
src/agent_system/multi_agent_system.py:448: note: Use "-> None" if function does not return a value
src/agent_system/multi_agent_system.py:490: error: Function is missing a return type annotation  [no-untyped-def]
src/agent_system/multi_agent_system.py:490: note: Use "-> None" if function does not return a value
src/agent_system/multi_agent_system.py:491: error: Call to untyped function "AgentRegistry" in typed context  [no-untyped-call]
src/agent_system/multi_agent_system.py:496: error: Need type annotation for "task_queue"  [var-annotated]
src/agent_system/multi_agent_system.py:505: error: Function is missing a return type annotation  [no-untyped-def]
src/agent_system/multi_agent_system.py:505: note: Use "-> None" if function does not return a value
src/agent_system/multi_agent_system.py:507: error: Call to untyped function "start" in typed context  [no-untyped-call]
src/agent_system/multi_agent_system.py:509: error: Call to untyped function "_task_processor" in typed context  [no-untyped-call]
src/agent_system/multi_agent_system.py:510: error: Call to untyped function "_persist_cluster_snapshot" in typed context  [no-untyped-call]
src/agent_system/multi_agent_system.py:513: error: Function is missing a return type annotation  [no-untyped-def]
src/agent_system/multi_agent_system.py:513: note: Use "-> None" if function does not return a value
src/agent_system/multi_agent_system.py:516: error: Call to untyped function "stop" in typed context  [no-untyped-call]
src/agent_system/multi_agent_system.py:517: error: Call to untyped function "_persist_cluster_snapshot" in typed context  [no-untyped-call]
src/agent_system/multi_agent_system.py:561: error: Call to untyped function "_persist_cluster_snapshot" in typed context  [no-untyped-call]
src/agent_system/multi_agent_system.py:568: error: Function is missing a return type annotation  [no-untyped-def]
src/agent_system/multi_agent_system.py:576: error: Need type annotation for "parallel_groups" (hint: "parallel_groups: dict[<type>, <type>] = ...")  [var-annotated]
src/agent_system/multi_agent_system.py:596: error: Call to untyped function "_persist_cluster_snapshot" in typed context  [no-untyped-call]
src/agent_system/multi_agent_system.py:602: error: Function is missing a return type annotation  [no-untyped-def]
src/agent_system/multi_agent_system.py:632: error: Function is missing a return type annotation  [no-untyped-def]
src/agent_system/multi_agent_system.py:643: error: Function is missing a return type annotation  [no-untyped-def]
src/agent_system/multi_agent_system.py:643: note: Use "-> None" if function does not return a value
src/agent_system/multi_agent_system.py:654: error: Function is missing a return type annotation  [no-untyped-def]
src/agent_system/multi_agent_system.py:673: error: Function is missing a return type annotation  [no-untyped-def]
src/agent_system/multi_agent_system.py:729: error: Function is missing a return type annotation  [no-untyped-def]
src/agent_system/multi_agent_system.py:729: note: Use "-> None" if function does not return a value
src/agent_system/multi_agent_system.py:744: error: Function is missing a return type annotation  [no-untyped-def]
src/agent_system/multi_agent_system.py:790: error: Call to untyped function "MultiAgentOrchestrator" in typed context  [no-untyped-call]
src/agent_system/multi_agent_system.py:793: error: Function is missing a return type annotation  [no-untyped-def]
src/agent_system/multi_agent_system.py:793: note: Use "-> None" if function does not return a value
src/agent_system/multi_agent_system.py:795: error: Call to untyped function "start" in typed context  [no-untyped-call]
src/agent_system/multi_agent_system.py:798: error: Function is missing a return type annotation  [no-untyped-def]
src/agent_system/multi_agent_system.py:798: note: Use "-> None" if function does not return a value
src/agent_system/multi_agent_system.py:800: error: Call to untyped function "stop" in typed context  [no-untyped-call]
src/agent_system/multi_agent_system.py:805: error: Call to untyped function "start_multi_agent_system" in typed context  [no-untyped-call]
src/agent_system/security_hardening.py:28: error: Function is missing a return type annotation  [no-untyped-def]
src/agent_system/security_hardening.py:28: note: Use "-> None" if function does not return a value
src/agent_system/security_hardening.py:165: error: Argument 1 to "_is_private_ip" of "SecurityHardening" has incompatible type "str | None"; expected "str"  [arg-type]
src/agent_system/security_hardening.py:368: error: Call to untyped function "SecurityHardening" in typed context  [no-untyped-call]
src/agent_system/security_hardening.py:371: error: Function is missing a return type annotation  [no-untyped-def]
src/agent_system/security_hardening.py:371: error: Function is missing a type annotation for one or more arguments  [no-untyped-def]
src/agent_system/security_hardening.py:419: error: Function is missing a type annotation  [no-untyped-def]
src/agent_system/security_hardening.py:422: error: Function is missing a type annotation  [no-untyped-def]
src/agent_system/security_hardening.py:423: error: Function is missing a type annotation  [no-untyped-def]
src/agent_system/api_security.py:36: error: Module "src.agent_system.auth_service" does not explicitly export attribute "AuthenticationError"  [attr-defined]
src/agent_system/api_security.py:99: error: Unused "type: ignore" comment  [unused-ignore]
src/agent_system/api_security.py:166: error: Unused "type: ignore" comment  [unused-ignore]
src/agent_system/api_security.py:283: error: Missing positional argument "app" in call to "CORSMiddleware"  [call-arg]
src/agent_system/distributed_tracing.py:46: error: Function is missing a return type annotation  [no-untyped-def]
src/agent_system/distributed_tracing.py:46: note: Use "-> None" if function does not return a value
src/agent_system/distributed_tracing.py:88: error: Module has no attribute "ALWAYS_ON_SAMPLER"  [attr-defined]
src/agent_system/distributed_tracing.py:125: error: Function is missing a return type annotation  [no-untyped-def]
src/agent_system/distributed_tracing.py:154: error: Item "None" of "Any | None" has no attribute "start_span"  [union-attr]
src/agent_system/distributed_tracing.py:163: error: Function is missing a return type annotation  [no-untyped-def]
src/agent_system/distributed_tracing.py:172: error: Function is missing a type annotation  [no-untyped-def]
src/agent_system/distributed_tracing.py:174: error: Function is missing a type annotation  [no-untyped-def]
src/agent_system/distributed_tracing.py:196: error: Function is missing a type annotation  [no-untyped-def]
src/agent_system/distributed_tracing.py:217: error: Function is missing a return type annotation  [no-untyped-def]
src/agent_system/distributed_tracing.py:227: error: Function is missing a return type annotation  [no-untyped-def]
src/agent_system/distributed_tracing.py:238: error: Function is missing a return type annotation  [no-untyped-def]
src/agent_system/distributed_tracing.py:247: error: Function is missing a return type annotation  [no-untyped-def]
src/agent_system/distributed_tracing.py:256: error: Function is missing a return type annotation  [no-untyped-def]
src/agent_system/distributed_tracing.py:317: error: Function is missing a return type annotation  [no-untyped-def]
src/agent_system/distributed_tracing.py:329: error: Function is missing a type annotation  [no-untyped-def]
src/agent_system/distributed_tracing.py:338: error: Argument "excluded_urls" to "instrument_app" of "FastAPIInstrumentor" has incompatible type "list[str]"; expected "str | None"  [arg-type]
src/agent_system/distributed_tracing.py:344: error: Function is missing a return type annotation  [no-untyped-def]
src/agent_system/distributed_tracing.py:344: note: Use "-> None" if function does not return a value
src/agent_system/distributed_tracing.py:355: error: Function is missing a return type annotation  [no-untyped-def]
src/agent_system/distributed_tracing.py:355: note: Use "-> None" if function does not return a value
src/agent_system/distributed_tracing.py:366: error: Function is missing a type annotation  [no-untyped-def]
src/agent_system/distributed_tracing.py:392: error: Call to untyped function "DistributedTracingManager" in typed context  [no-untyped-call]
src/agent_system/distributed_tracing.py:413: error: Function is missing a return type annotation  [no-untyped-def]
src/agent_system/distributed_tracing.py:418: error: Function is missing a return type annotation  [no-untyped-def]
src/agent_system/reasoning_engine.py:24: error: Incompatible import of "SentenceTransformer" (imported name has type "type[SentenceTransformer]", local name has type "object")  [assignment]
src/agent_system/reasoning_engine.py:39: error: Function is missing a type annotation  [no-untyped-def]
src/agent_system/reasoning_engine.py:42: error: Function is missing a type annotation  [no-untyped-def]
src/agent_system/reasoning_engine.py:45: error: Name "np" already defined (by an import)  [no-redef]
src/agent_system/reasoning_engine.py:47: error: Function is missing a type annotation  [no-untyped-def]
src/agent_system/reasoning_engine.py:48: error: Call to untyped function "np_dot" in typed context  [no-untyped-call]
src/agent_system/reasoning_engine.py:51: error: Function is missing a type annotation  [no-untyped-def]
src/agent_system/reasoning_engine.py:52: error: Call to untyped function "np_norm" in typed context  [no-untyped-call]
src/agent_system/reasoning_engine.py:57: error: Function is missing a type annotation  [no-untyped-def]
src/agent_system/reasoning_engine.py:58: error: Call to untyped function "np_norm" in typed context  [no-untyped-call]
src/agent_system/reasoning_engine.py:60: error: Incompatible types in assignment (expression has type "type[linalg]", variable has type Module)  [assignment]
src/agent_system/reasoning_engine.py:68: error: Function is missing a return type annotation  [no-untyped-def]
src/agent_system/reasoning_engine.py:68: note: Use "-> None" if function does not return a value
src/agent_system/reasoning_engine.py:88: error: "None" not callable  [misc]
src/agent_system/reasoning_engine.py:96: error: Incompatible types in assignment (expression has type "None", variable has type "dict[str, ndarray[tuple[Any, ...], dtype[Any]]]")  [assignment]
src/agent_system/reasoning_engine.py:97: error: Call to untyped function "_setup_fallback_similarity" in typed context  [no-untyped-call]
src/agent_system/reasoning_engine.py:111: error: Incompatible types in assignment (expression has type "None", variable has type "dict[str, ndarray[tuple[Any, ...], dtype[Any]]]")  [assignment]
src/agent_system/reasoning_engine.py:112: error: Call to untyped function "_setup_fallback_similarity" in typed context  [no-untyped-call]
src/agent_system/reasoning_engine.py:149: error: Missing type parameters for generic type "Dict"  [type-arg]
src/agent_system/reasoning_engine.py:298: error: Need type annotation for "plan" (hint: "plan: list[<type>] = ...")  [var-annotated]
src/agent_system/reasoning_engine.py:403: error: Function is missing a return type annotation  [no-untyped-def]
src/agent_system/reasoning_engine.py:404: error: Missing type parameters for generic type "Dict"  [type-arg]
src/agent_system/reasoning_engine.py:435: error: Returning Any from function declared to return "dict[str, Any] | None"  [no-any-return]
src/agent_system/reasoning_engine.py:454: error: Function is missing a return type annotation  [no-untyped-def]
src/agent_system/reasoning_engine.py:454: note: Use "-> None" if function does not return a value
src/agent_system/reasoning_engine.py:511: error: Returning Any from function declared to return "float"  [no-any-return]
src/agent_system/reasoning_engine.py:681: error: Call to untyped function "ReasoningEngine" in typed context  [no-untyped-call]
src/agent_system/ai_planner.py:15: error: Incompatible types in assignment (expression has type "None", variable has type "ReasoningEngine")  [assignment]
src/agent_system/ai_planner.py:23: error: Function is missing a return type annotation  [no-untyped-def]
src/agent_system/ai_planner.py:23: note: Use "-> None" if function does not return a value
src/agent_system/ai_planner.py:72: error: Missing type parameters for generic type "Dict"  [type-arg]
src/agent_system/agent.py:49: error: Function is missing a return type annotation  [no-untyped-def]
src/agent_system/agent.py:49: note: Use "-> None" if function does not return a value
src/agent_system/agent.py:50: error: Call to untyped function "GoalManager" in typed context  [no-untyped-call]
src/agent_system/agent.py:51: error: Call to untyped function "AIHierarchicalPlanner" in typed context  [no-untyped-call]
src/agent_system/agent.py:52: error: Call to untyped function "IntelligentActionSelector" in typed context  [no-untyped-call]
src/agent_system/agent.py:53: error: Call to untyped function "EnhancedToolRegistry" in typed context  [no-untyped-call]
src/agent_system/agent.py:56: error: Call to untyped function "LearningSystem" in typed context  [no-untyped-call]
src/agent_system/agent.py:67: error: Call to untyped function "enable_real_tools" in typed context  [no-untyped-call]
src/agent_system/agent.py:72: error: Call to untyped function "_register_default_tools" in typed context  [no-untyped-call]
src/agent_system/agent.py:99: error: Function is missing a return type annotation  [no-untyped-def]
src/agent_system/agent.py:99: note: Use "-> None" if function does not return a value
src/agent_system/agent.py:118: error: Function is missing a return type annotation  [no-untyped-def]
src/agent_system/agent.py:128: error: Function is missing a return type annotation  [no-untyped-def]
src/agent_system/agent.py:148: error: Function is missing a return type annotation  [no-untyped-def]
src/agent_system/agent.py:148: note: Use "-> None" if function does not return a value
src/agent_system/agent.py:178: error: Function is missing a return type annotation  [no-untyped-def]
src/agent_system/agent.py:186: error: Function is missing a return type annotation  [no-untyped-def]
src/agent_system/agent.py:256: error: Item "None" of "Action | None" has no attribute "name"  [union-attr]
src/agent_system/agent.py:257: error: Item "None" of "Action | None" has no attribute "id"  [union-attr]
src/agent_system/agent.py:262: error: Incompatible types in assignment (expression has type "Action | None", variable has type "dict[str, Any | str | dict[Any, Any]]")  [assignment]
src/agent_system/agent.py:352: error: Function is missing a return type annotation  [no-untyped-def]
src/agent_system/agent.py:431: error: Incompatible return value type (got "dict[str, Any] | None", expected "dict[str, Any]")  [return-value]
src/agent_system/web_interface.py:63: error: Function is missing a return type annotation  [no-untyped-def]
src/agent_system/web_interface.py:282: error: Function is missing a return type annotation  [no-untyped-def]
src/agent_system/web_interface.py:298: error: Function is missing a return type annotation  [no-untyped-def]
src/agent_system/web_interface.py:303: error: Call to untyped function "AutonomousAgent" in typed context  [no-untyped-call]
src/agent_system/web_interface.py:314: error: Function is missing a return type annotation  [no-untyped-def]
src/agent_system/web_interface.py:324: error: Call to untyped function "stop" in typed context  [no-untyped-call]
src/agent_system/web_interface.py:329: error: Function is missing a return type annotation  [no-untyped-def]
src/agent_system/web_interface.py:334: error: Call to untyped function "AutonomousAgent" in typed context  [no-untyped-call]
src/agent_system/web_interface.py:356: error: Function is missing a return type annotation  [no-untyped-def]
src/agent_system/web_interface.py:371: error: Function is missing a return type annotation  [no-untyped-def]
src/agent_system/web_interface.py:393: error: Function is missing a return type annotation  [no-untyped-def]
src/agent_system/web_interface.py:404: error: Function is missing a return type annotation  [no-untyped-def]
src/agent_system/web_interface.py:415: error: Function is missing a return type annotation  [no-untyped-def]
src/agent_system/terminal_cli.py:17: error: Call to untyped function "AutonomousAgent" in typed context  [no-untyped-call]
src/agent_system/terminal_cli.py:76: error: Call to untyped function "stop" in typed context  [no-untyped-call]
src/agent_system/jobs.py:38: error: Call to untyped function "AutonomousAgent" in typed context  [no-untyped-call]
src/agent_system/jobs.py:60: error: Call to untyped function "stop" in typed context  [no-untyped-call]
src/agent_system/enhanced_agent.py:25: error: Function is missing a return type annotation  [no-untyped-def]
src/agent_system/enhanced_agent.py:25: note: Use "-> None" if function does not return a value
src/agent_system/enhanced_agent.py:33: error: Call to untyped function "__init__" in typed context  [no-untyped-call]
src/agent_system/enhanced_agent.py:36: error: Call to untyped function "_setup_enhanced_logging" in typed context  [no-untyped-call]
src/agent_system/enhanced_agent.py:37: error: Call to untyped function "_validate_initial_configuration" in typed context  [no-untyped-call]
src/agent_system/enhanced_agent.py:38: error: Call to untyped function "_start_background_monitoring" in typed context  [no-untyped-call]
src/agent_system/enhanced_agent.py:42: error: Function is missing a return type annotation  [no-untyped-def]
src/agent_system/enhanced_agent.py:42: note: Use "-> None" if function does not return a value
src/agent_system/enhanced_agent.py:77: error: Function is missing a return type annotation  [no-untyped-def]
src/agent_system/enhanced_agent.py:77: note: Use "-> None" if function does not return a value
src/agent_system/enhanced_agent.py:102: error: Function is missing a return type annotation  [no-untyped-def]
src/agent_system/enhanced_agent.py:102: note: Use "-> None" if function does not return a value
src/agent_system/enhanced_agent.py:161: error: Call to untyped function "optimize_system" in typed context  [no-untyped-call]
src/agent_system/enhanced_agent.py:268: error: Function is missing a return type annotation  [no-untyped-def]
src/agent_system/enhanced_agent.py:268: note: Use "-> None" if function does not return a value
src/agent_system/enhanced_agent.py:270: error: Call to untyped function "enable_optimization" in typed context  [no-untyped-call]
src/agent_system/enhanced_agent.py:273: error: Function is missing a return type annotation  [no-untyped-def]
src/agent_system/enhanced_agent.py:273: note: Use "-> None" if function does not return a value
src/agent_system/enhanced_agent.py:275: error: Call to untyped function "disable_optimization" in typed context  [no-untyped-call]
src/agent_system/enhanced_agent.py:309: error: Function is missing a return type annotation  [no-untyped-def]
src/agent_system/enhanced_agent.py:309: note: Use "-> None" if function does not return a value
src/agent_system/enhanced_agent.py:324: error: Call to untyped function "disable_optimization" in typed context  [no-untyped-call]
src/agent_system/enhanced_agent.py:327: error: "shutdown" undefined in superclass  [misc]
src/agent_system/enhanced_agent.py:334: error: Function is missing a type annotation  [no-untyped-def]
src/agent_system/enhanced_agent.py:338: error: Function is missing a type annotation  [no-untyped-def]
src/agent_system/enhanced_agent.py:340: error: Call to untyped function "shutdown" in typed context  [no-untyped-call]
src/agent_system/enhanced_agent.py:350: error: Call to untyped function "EnhancedAutonomousAgent" in typed context  [no-untyped-call]
src/agent_system/worker.py:49: error: Missing type parameters for generic type "Task"  [type-arg]
src/agent_system/worker.py:54: error: Function is missing a return type annotation  [no-untyped-def]
src/agent_system/worker.py:54: note: Use "-> None" if function does not return a value
src/agent_system/worker.py:56: error: Call to untyped function "_bootstrap" in typed context  [no-untyped-call]
src/agent_system/worker.py:59: error: Call to untyped function "_consume_loop" in typed context  [no-untyped-call]
src/agent_system/worker.py:64: error: Call to untyped function "_teardown" in typed context  [no-untyped-call]
src/agent_system/worker.py:66: error: Function is missing a return type annotation  [no-untyped-def]
src/agent_system/worker.py:66: note: Use "-> None" if function does not return a value
src/agent_system/worker.py:82: error: Incompatible types in assignment (expression has type "ServiceInstance", variable has type "None")  [assignment]
src/agent_system/worker.py:86: error: Call to untyped function "_heartbeat_loop" in typed context  [no-untyped-call]
src/agent_system/worker.py:90: error: Call to untyped function "get_session" in typed context  [no-untyped-call]
src/agent_system/worker.py:138: error: Function is missing a return type annotation  [no-untyped-def]
src/agent_system/worker.py:138: note: Use "-> None" if function does not return a value
src/agent_system/worker.py:168: error: Function is missing a return type annotation  [no-untyped-def]
src/agent_system/worker.py:168: note: Use "-> None" if function does not return a value
src/agent_system/worker.py:189: error: Function is missing a return type annotation  [no-untyped-def]
src/agent_system/worker.py:189: note: Use "-> None" if function does not return a value
src/agent_system/worker.py:193: error: Function is missing a return type annotation  [no-untyped-def]
src/agent_system/worker.py:193: note: Use "-> None" if function does not return a value
src/agent_system/worker.py:202: error: Call to untyped function "disconnect" in typed context  [no-untyped-call]
src/agent_system/worker.py:235: error: Function is missing a type annotation  [no-untyped-def]
src/agent_system/worker.py:238: error: Call to untyped function "run" in typed context  [no-untyped-call]
src/agent_system/worker.py:240: error: Call to untyped function "shutdown" in typed context  [no-untyped-call]
src/agent_system/worker.py:259: error: Function is missing a return type annotation  [no-untyped-def]
src/agent_system/worker.py:259: note: Use "-> None" if function does not return a value
src/agent_system/worker.py:264: error: Function is missing a return type annotation  [no-untyped-def]
src/agent_system/worker.py:264: note: Use "-> None" if function does not return a value
src/agent_system/worker.py:272: error: Call to untyped function "_run_worker" in typed context  [no-untyped-call]
src/agent_system/worker.py:285: error: Call to untyped function "main" in typed context  [no-untyped-call]
src/agent_system/__init__.py:42: error: Missing type parameters for generic type "list"  [type-arg]
src/agent_system/__init__.py:102: error: Function is missing a return type annotation  [no-untyped-def]
src/agent_system/__init__.py:197: error: Call to untyped function "AutonomousAgent" in typed context  [no-untyped-call]
src/agent_system/api_endpoints.py:136: error: Call to untyped function "get_session" in typed context  [no-untyped-call]
src/agent_system/api_endpoints.py:146: error: Call to untyped function "get_session" in typed context  [no-untyped-call]
src/agent_system/api_endpoints.py:337: error: Item "None" of "Address | None" has no attribute "host"  [union-attr]
src/agent_system/api_endpoints.py:570: error: Function is missing a type annotation  [no-untyped-def]
src/agent_system/api_endpoints.py:639: error: Function is missing a type annotation  [no-untyped-def]
src/agent_system/api_endpoints.py:688: error: Function is missing a return type annotation  [no-untyped-def]
src/agent_system/api_endpoints.py:689: error: Function is missing a type annotation  [no-untyped-def]
src/agent_system/api_endpoints.py:697: error: Call to untyped function "_persist" in typed context  [no-untyped-call]
src/agent_system/api_endpoints.py:734: error: Function is missing a type annotation  [no-untyped-def]
src/agent_system/api_endpoints.py:770: error: Function is missing a type annotation  [no-untyped-def]
src/agent_system/api_endpoints.py:810: error: Function is missing a type annotation  [no-untyped-def]
src/agent_system/api_endpoints.py:970: error: Function is missing a type annotation  [no-untyped-def]
src/agent_system/api_endpoints.py:1011: error: Function is missing a type annotation  [no-untyped-def]
src/agent_system/api_endpoints.py:1067: error: Function is missing a type annotation  [no-untyped-def]
src/agent_system/api_endpoints.py:1110: error: Function is missing a type annotation  [no-untyped-def]
src/agent_system/api_endpoints.py:1147: error: Function is missing a return type annotation  [no-untyped-def]
src/agent_system/api_endpoints.py:1195: error: Function is missing a type annotation  [no-untyped-def]
src/agent_system/fastapi_app.py:30: error: Incompatible types in assignment (expression has type "None", variable has type "AdvancedMonitoringSystem")  [assignment]
src/agent_system/fastapi_app.py:31: error: Incompatible types in assignment (expression has type "None", variable has type "Callable[[], Coroutine[Any, Any, bool]]")  [assignment]
src/agent_system/fastapi_app.py:126: error: Call to untyped function "agent_startup_integration" in typed context  [no-untyped-call]
src/agent_system/fastapi_app.py:146: error: Call to untyped function "instrument_sqlalchemy" in typed context  [no-untyped-call]
src/agent_system/fastapi_app.py:150: error: Call to untyped function "instrument_requests" in typed context  [no-untyped-call]
src/agent_system/fastapi_app.py:154: error: Call to untyped function "instrument_redis" in typed context  [no-untyped-call]
src/agent_system/fastapi_app.py:159: error: Call to untyped function "instrument_fastapi" in typed context  [no-untyped-call]
src/agent_system/fastapi_app.py:176: error: Call to untyped function "agent_shutdown_integration" in typed context  [no-untyped-call]
src/agent_system/fastapi_app.py:263: error: Function is missing a type annotation for one or more arguments  [no-untyped-def]
src/agent_system/fastapi_app.py:313: error: Function is missing a return type annotation  [no-untyped-def]
src/agent_system/fastapi_app.py:321: error: Function is missing a return type annotation  [no-untyped-def]
src/agent_system/fastapi_app.py:335: error: Function is missing a return type annotation  [no-untyped-def]
src/agent_system/fastapi_app.py:422: error: Need type annotation for "m"  [var-annotated]
src/agent_system/fastapi_app.py:430: error: Cannot assign to a method  [method-assign]
src/agent_system/fastapi_app.py:434: error: Function is missing a return type annotation  [no-untyped-def]
src/agent_system/fastapi_app.py:447: error: Function is missing a return type annotation  [no-untyped-def]
src/agent_system/fastapi_app.py:451: error: Function is missing a return type annotation  [no-untyped-def]
src/agent_system/fastapi_app.py:454: error: Function is missing a return type annotation  [no-untyped-def]
src/agent_system/fastapi_app.py:455: error: Call to untyped function "get_session" in typed context  [no-untyped-call]
src/agent_system/fastapi_app.py:461: error: Call to untyped function "_probe" in typed context  [no-untyped-call]
src/agent_system/fastapi_app.py:474: error: Function is missing a return type annotation  [no-untyped-def]
src/agent_system/fastapi_app.py:480: error: Function is missing a return type annotation  [no-untyped-def]
src/agent_system/fastapi_app.py:531: error: Function is missing a return type annotation  [no-untyped-def]
src/agent_system/fastapi_app.py:537: error: Function is missing a return type annotation  [no-untyped-def]
src/agent_system/fastapi_app.py:538: error: Function is missing a return type annotation  [no-untyped-def]
src/agent_system/fastapi_app.py:539: error: Call to untyped function "get_session" in typed context  [no-untyped-call]
src/agent_system/fastapi_app.py:545: error: Call to untyped function "_probe" in typed context  [no-untyped-call]
src/agent_system/fastapi_app.py:584: error: Function is missing a return type annotation  [no-untyped-def]
src/agent_system/fastapi_app.py:616: error: Function is missing a return type annotation  [no-untyped-def]
Found 1025 errors in 66 files (checked 73 source files)
